1524632227.360422 select(7, [3], [], NULL, NULL) = 1 (in [3])
1524632227.498058 clock_gettime(CLOCK_BOOTTIME, {9741, 79890217}) = 0
1524632227.498144 read(3, "\326\222\206s\250d\353\177\304E\34it\232\244\22ksBNf\257\200G\202U\35\366!\233\257\23"..., 8192) = 940
1524632227.498274 clock_gettime(CLOCK_BOOTTIME, {9741, 80103990}) = 0
1524632227.498352 clock_gettime(CLOCK_BOOTTIME, {9741, 80177602}) = 0
1524632227.498425 select(7, [3], [], NULL, NULL) = 1 (in [3])
1524632227.546403 clock_gettime(CLOCK_BOOTTIME, {9741, 128221155}) = 0
1524632227.546444 read(3, "\3}B\217}\253\236\333\264\261m\334<;\33\201\6+\375U\v'5\334\33\332o\363f\31\200@"..., 8192) = 44
1524632227.546508 getsockopt(3, SOL_TCP, TCP_NODELAY, [0], [4]) = 0
1524632227.546547 setsockopt(3, SOL_TCP, TCP_NODELAY, [1], 4) = 0
1524632227.546582 getsockname(3, {sa_family=AF_INET, sin_port=htons(42978), sin_addr=inet_addr("192.168.146.129")}, [16]) = 0
1524632227.546631 setsockopt(3, SOL_IP, IP_TOS, [16], 4) = 0
1524632227.546667 ioctl(0, TIOCGWINSZ, {ws_row=24, ws_col=105, ws_xpixel=0, ws_ypixel=0}) = 0
1524632227.546750 clock_gettime(CLOCK_BOOTTIME, {9741, 128565934}) = 0
1524632227.546785 clock_gettime(CLOCK_BOOTTIME, {9741, 128599466}) = 0
1524632227.546818 select(7, [3], [3], NULL, NULL) = 1 (out [3])
1524632227.546861 clock_gettime(CLOCK_BOOTTIME, {9741, 128675983}) = 0
1524632227.546895 write(3, ",V\346\262$\"\347\236\300\302jJv\30\221\3}Glo\340k\343\23\270\334\302\206\23\355\201E"..., 392) = 392
1524632227.546997 clock_gettime(CLOCK_BOOTTIME, {9741, 128812310}) = 0
1524632227.547031 clock_gettime(CLOCK_BOOTTIME, {9741, 128846110}) = 0
1524632227.547064 select(7, [3], [], NULL, NULL) = 1 (in [3])
1524632227.548602 clock_gettime(CLOCK_BOOTTIME, {9741, 130417548}) = 0
1524632227.548637 read(3, "\20\225\313\254G\317i\221\22m0\31n^^\32>\373\263\274G\236V\340\337\234\262@\220\360\203\200"..., 8192) = 108
1524632227.548698 clock_gettime(CLOCK_BOOTTIME, {9741, 130514486}) = 0
1524632227.548776 clock_gettime(CLOCK_BOOTTIME, {9741, 130593749}) = 0
1524632227.548815 select(7, [3 4], [], NULL, NULL) = 1 (in [3])
1524632227.548913 clock_gettime(CLOCK_BOOTTIME, {9741, 130728074}) = 0
1524632227.548986 read(3, "\365yO\33jS\2142\357\344\254d\7uO\375]\325\35\344&\273\33\325\34\237\265?\277,gz"..., 8192) = 100
1524632227.549082 clock_gettime(CLOCK_BOOTTIME, {9741, 130898058}) = 0
1524632227.549117 clock_gettime(CLOCK_BOOTTIME, {9741, 130931362}) = 0
1524632227.549150 select(7, [3 4], [5], NULL, NULL) = 2 (in [3], out [5])
1524632227.549238 clock_gettime(CLOCK_BOOTTIME, {9741, 131052811}) = 0
1524632227.549271 write(5, "Welcome to Ubuntu 16.04.1 LTS (G"..., 66) = 66
1524632227.549475 read(3, "\374\36\207l\34\364&d\342Y\346\276\336DR\254\371\35\335s8\247\31\262='m\303\327\273E\277"..., 8192) = 304
1524632227.549565 clock_gettime(CLOCK_BOOTTIME, {9741, 131380693}) = 0
1524632227.549627 clock_gettime(CLOCK_BOOTTIME, {9741, 131442571}) = 0
1524632227.549662 select(7, [3 4], [5], NULL, NULL) = 1 (out [5])
1524632227.549750 clock_gettime(CLOCK_BOOTTIME, {9741, 131565304}) = 0
1524632227.549817 write(5, "\r\n\r\n * Documentation:  https://h"..., 100) = 100
1524632227.549902 clock_gettime(CLOCK_BOOTTIME, {9741, 131716857}) = 0
1524632227.549936 clock_gettime(CLOCK_BOOTTIME, {9741, 131750296}) = 0
1524632227.549969 select(7, [3 4], [], NULL, NULL) = 1 (in [3])
1524632227.550067 clock_gettime(CLOCK_BOOTTIME, {9741, 131881795}) = 0
1524632227.550100 read(3, "\20\374-BU1\347HHb\271\1\313Wh\3448\335\271\277(\30$\24g\16w\304U\314\327&"..., 8192) = 120
1524632227.550231 clock_gettime(CLOCK_BOOTTIME, {9741, 132049475}) = 0
1524632227.550269 clock_gettime(CLOCK_BOOTTIME, {9741, 132083860}) = 0
1524632227.550302 select(7, [3 4], [5], NULL, NULL) = 2 (in [3], out [5])
1524632227.550346 clock_gettime(CLOCK_BOOTTIME, {9741, 132160455}) = 0
1524632227.550378 write(5, " * Support:        https://ubunt"..., 49) = 49
1524632227.550526 read(3, "+\272\325\266\200\t\0vJjW\246$\254\327L\21\326\262\375`\270q\236\242\207WS\246\"\213\377"..., 8192) = 140
1524632227.550642 clock_gettime(CLOCK_BOOTTIME, {9741, 132457852}) = 0
1524632227.550733 clock_gettime(CLOCK_BOOTTIME, {9741, 132550877}) = 0
1524632227.550771 select(7, [3 4], [5], NULL, NULL) = 2 (in [3], out [5])
1524632227.550844 clock_gettime(CLOCK_BOOTTIME, {9741, 132658764}) = 0
1524632227.550877 write(5, "\r\n383 \344\270\252\345\217\257\345\215\207\347\272\247\350\275\257\344\273\266\345\214\205\343\200\202\r\n", 32) = 32
1524632227.550947 read(3, "\321\353\211\21\177}\3448\334_ZF\301\233\377\322JW\274\20\371\235\177\250H\202q\275\333\322j\372"..., 8192) = 60
1524632227.550989 clock_gettime(CLOCK_BOOTTIME, {9741, 132868135}) = 0
1524632227.551089 clock_gettime(CLOCK_BOOTTIME, {9741, 132902860}) = 0
1524632227.551121 select(7, [3 4], [5], NULL, NULL) = 2 (in [3], out [5])
1524632227.551163 clock_gettime(CLOCK_BOOTTIME, {9741, 132976683}) = 0
1524632227.551194 write(5, "0 \344\270\252\345\256\211\345\205\250\346\233\264\346\226\260\343\200\202", 20) = 20
1524632227.551291 read(3, "}\3667\302\337B\233E\34C\304\0050\350\n\224\277\352\6U\322\250\r9:\204\322\224S\333\256Q"..., 8192) = 72
1524632227.551377 clock_gettime(CLOCK_BOOTTIME, {9741, 133191362}) = 0
1524632227.551474 clock_gettime(CLOCK_BOOTTIME, {9741, 133287838}) = 0
1524632227.551506 select(7, [3 4], [5], NULL, NULL) = 2 (in [3], out [5])
1524632227.551549 clock_gettime(CLOCK_BOOTTIME, {9741, 133362785}) = 0
1524632227.551580 write(5, "\r\n\r\n", 4) = 4
1524632227.551648 read(3, "dB]\226\307\220?Q*H\212\377q\210\313\323\317\257\10\367\211\274\260O\210f/H\367\364]'"..., 8192) = 96
1524632227.551743 clock_gettime(CLOCK_BOOTTIME, {9741, 133557226}) = 0
1524632227.551775 clock_gettime(CLOCK_BOOTTIME, {9741, 133612685}) = 0
1524632227.551835 select(7, [3 4], [5], NULL, NULL) = 1 (out [5])
1524632227.551877 clock_gettime(CLOCK_BOOTTIME, {9741, 133690367}) = 0
1524632227.551908 write(5, "*** \351\234\200\350\246\201\351\207\215\345\220\257\347\263\273\347\273\237 ***\r\n", 28) = 28
1524632227.551977 clock_gettime(CLOCK_BOOTTIME, {9741, 133857083}) = 0
1524632227.552078 clock_gettime(CLOCK_BOOTTIME, {9741, 133892305}) = 0
1524632227.552111 select(7, [3 4], [], NULL, NULL) = 1 (in [3])
1524632227.552151 clock_gettime(CLOCK_BOOTTIME, {9741, 133964715}) = 0
1524632227.552182 read(3, "5\251/N\372\276v\265\362\317\337\234\371\tX\241\313AC\37~\306\204\20\222\261%k\377\377\301\306"..., 8192) = 128
1524632227.552259 clock_gettime(CLOCK_BOOTTIME, {9741, 134073237}) = 0
1524632227.552291 clock_gettime(CLOCK_BOOTTIME, {9741, 134104470}) = 0
1524632227.552322 select(7, [3 4], [5], NULL, NULL) = 1 (out [5])
1524632227.552363 clock_gettime(CLOCK_BOOTTIME, {9741, 134176951}) = 0
1524632227.552395 write(5, "Last login: Wed Apr 25 12:53:15 "..., 58) = 58
1524632227.552462 clock_gettime(CLOCK_BOOTTIME, {9741, 134276077}) = 0
1524632227.552494 clock_gettime(CLOCK_BOOTTIME, {9741, 134307586}) = 0
1524632227.552525 select(7, [3 4], [], NULL, NULL) = 1 (in [3])
1524632227.791820 clock_gettime(CLOCK_BOOTTIME, {9741, 373636310}) = 0
1524632227.791880 read(3, "|\220\312C\377s\3\315q*S'\273\257md\353\0\231\34\240\347K\257$\10\r2\0378w\313"..., 8192) = 100
1524632227.791941 clock_gettime(CLOCK_BOOTTIME, {9741, 373755753}) = 0
1524632227.791971 clock_gettime(CLOCK_BOOTTIME, {9741, 373785126}) = 0
1524632227.792001 select(7, [3 4], [5], NULL, NULL) = 1 (out [5])
1524632227.792041 clock_gettime(CLOCK_BOOTTIME, {9741, 373854367}) = 0
1524632227.792070 write(5, "\33]0;python@ubuntu: ~\7\33[01;32mpyt"..., 64) = 64
1524632227.792180 clock_gettime(CLOCK_BOOTTIME, {9741, 373993991}) = 0
1524632227.792210 clock_gettime(CLOCK_BOOTTIME, {9741, 374023618}) = 0
1524632227.792239 select(7, [3 4], [], NULL, NULL) = 1 (in [4])
1524632228.801779 clock_gettime(CLOCK_BOOTTIME, {9742, 383607238}) = 0
1524632228.801854 read(4, "l", 16384)   = 1
1524632228.801948 clock_gettime(CLOCK_BOOTTIME, {9742, 383773013}) = 0
1524632228.802016 clock_gettime(CLOCK_BOOTTIME, {9742, 383839108}) = 0
1524632228.802081 select(7, [3 4], [3], NULL, NULL) = 1 (out [3])
1524632228.802166 clock_gettime(CLOCK_BOOTTIME, {9742, 383989616}) = 0
1524632228.802231 write(3, "\301FI\313\t\276E\217\247\377pQ\210|o\320m\263\361v\354V\222\206\304tGAz\234\246%"..., 36) = 36
1524632228.802523 clock_gettime(CLOCK_BOOTTIME, {9742, 384347290}) = 0
1524632228.802591 clock_gettime(CLOCK_BOOTTIME, {9742, 384414066}) = 0
1524632228.802655 select(7, [3 4], [], NULL, NULL) = 1 (in [3])
1524632228.803569 clock_gettime(CLOCK_BOOTTIME, {9742, 385394316}) = 0
1524632228.803638 read(3, "\2'\36\335\3233\216|\17_\371EP\222\30\325\352L\2452\366i4s\356\234\302k\222\210\0374"..., 8192) = 36
1524632228.803725 clock_gettime(CLOCK_BOOTTIME, {9742, 385549792}) = 0
1524632228.803790 clock_gettime(CLOCK_BOOTTIME, {9742, 385613860}) = 0
1524632228.803855 select(7, [3 4], [5], NULL, NULL) = 1 (out [5])
1524632228.803938 clock_gettime(CLOCK_BOOTTIME, {9742, 385761852}) = 0
1524632228.804002 write(5, "l", 1)      = 1
1524632228.804082 clock_gettime(CLOCK_BOOTTIME, {9742, 385906003}) = 0
1524632228.804214 clock_gettime(CLOCK_BOOTTIME, {9742, 386040861}) = 0
1524632228.804285 select(7, [3 4], [], NULL, NULL) = 1 (in [4])
1524632228.930235 clock_gettime(CLOCK_BOOTTIME, {9742, 512063856}) = 0
1524632228.930310 read(4, "s", 16384)   = 1
1524632228.930406 clock_gettime(CLOCK_BOOTTIME, {9742, 512232002}) = 0
1524632228.930476 clock_gettime(CLOCK_BOOTTIME, {9742, 512299728}) = 0
1524632228.930542 select(7, [3 4], [3], NULL, NULL) = 1 (out [3])
1524632228.930627 clock_gettime(CLOCK_BOOTTIME, {9742, 512450549}) = 0
1524632228.930692 write(3, "\360\301\352\37mI\343L\230ZZ\340\3226]j\330#\322\354\252H\3\353\323p\275\336\256\300\257l"..., 36) = 36
1524632228.930921 clock_gettime(CLOCK_BOOTTIME, {9742, 512745105}) = 0
1524632228.930990 clock_gettime(CLOCK_BOOTTIME, {9742, 512813700}) = 0
1524632228.931055 select(7, [3 4], [], NULL, NULL) = 1 (in [3])
1524632228.931956 clock_gettime(CLOCK_BOOTTIME, {9742, 513780216}) = 0
1524632228.932022 read(3, "\351_ l\272\354\304\34\316\264RL\277\372\274\354>\16\213\336\263^\254\251L\203\37\234\336\323\341\232"..., 8192) = 36
1524632228.932109 clock_gettime(CLOCK_BOOTTIME, {9742, 513935608}) = 0
1524632228.932180 clock_gettime(CLOCK_BOOTTIME, {9742, 514005366}) = 0
1524632228.932248 select(7, [3 4], [5], NULL, NULL) = 1 (out [5])
1524632228.932336 clock_gettime(CLOCK_BOOTTIME, {9742, 514159474}) = 0
1524632228.932400 write(5, "s", 1)      = 1
1524632228.932478 clock_gettime(CLOCK_BOOTTIME, {9742, 514301626}) = 0
1524632228.932544 clock_gettime(CLOCK_BOOTTIME, {9742, 514367176}) = 0
1524632228.932608 select(7, [3 4], [], NULL, NULL) = 1 (in [4])
1524632229.104705 clock_gettime(CLOCK_BOOTTIME, {9742, 686520591}) = 0
1524632229.104739 read(4, "\r", 16384)  = 1
1524632229.104787 clock_gettime(CLOCK_BOOTTIME, {9742, 686602104}) = 0
1524632229.104819 clock_gettime(CLOCK_BOOTTIME, {9742, 686632818}) = 0
1524632229.104849 select(7, [3 4], [3], NULL, NULL) = 1 (out [3])
1524632229.104888 clock_gettime(CLOCK_BOOTTIME, {9742, 686701540}) = 0
1524632229.104917 write(3, "g\35\3539\224\377\20 \226\\\332*~\\\301\3322\220\346\312\277\v\243O\227\227\30{\326\322\323\330"..., 36) = 36
1524632229.105058 clock_gettime(CLOCK_BOOTTIME, {9742, 686881322}) = 0
1524632229.105099 clock_gettime(CLOCK_BOOTTIME, {9742, 686913449}) = 0
1524632229.105138 select(7, [3 4], [], NULL, NULL) = 1 (in [3])
1524632229.109076 clock_gettime(CLOCK_BOOTTIME, {9742, 690892964}) = 0
1524632229.109113 read(3, "#\316\330)X\204\252\225N\220\27$\253]\226J\230d\t\316\313&\326j)\246Z39o\333T"..., 8192) = 396
1524632229.109166 clock_gettime(CLOCK_BOOTTIME, {9742, 690982001}) = 0
1524632229.109201 clock_gettime(CLOCK_BOOTTIME, {9742, 691016428}) = 0
1524632229.109235 select(7, [3 4], [5], NULL, NULL) = 1 (out [5])
1524632229.109278 clock_gettime(CLOCK_BOOTTIME, {9742, 691093482}) = 0
1524632229.109312 write(5, "\r\n\33[0m\33[01;34mdbs\33[0m      \33[01;"..., 362) = 362
1524632229.109356 clock_gettime(CLOCK_BOOTTIME, {9742, 691170754}) = 0
1524632229.109390 clock_gettime(CLOCK_BOOTTIME, {9742, 691204935}) = 0
1524632229.109423 select(7, [3 4], [], NULL, NULL) = 1 (in [4])
1524632229.746713 clock_gettime(CLOCK_BOOTTIME, {9743, 328541761}) = 0
1524632229.746793 read(4, "e", 16384)   = 1
1524632229.746908 clock_gettime(CLOCK_BOOTTIME, {9743, 328735116}) = 0
1524632229.746979 clock_gettime(CLOCK_BOOTTIME, {9743, 328803147}) = 0
1524632229.747045 select(7, [3 4], [3], NULL, NULL) = 1 (out [3])
1524632229.747297 clock_gettime(CLOCK_BOOTTIME, {9743, 329123230}) = 0
1524632229.747368 write(3, "R\222+PU\376\32\221\205R\343\250\3454\246\204Z#\214TP\264d\242&LT\276\211{\304\321"..., 36) = 36
1524632229.747562 clock_gettime(CLOCK_BOOTTIME, {9743, 329387167}) = 0
1524632229.747633 clock_gettime(CLOCK_BOOTTIME, {9743, 329456394}) = 0
1524632229.747698 select(7, [3 4], [], NULL, NULL) = 1 (in [3])
1524632229.749148 clock_gettime(CLOCK_BOOTTIME, {9743, 330972877}) = 0
1524632229.749216 read(3, "\374\346RV\335\206\32\4\231Z:1\341\211jo\20Y\3247Q\315\5\7(\361\306\253\33\305V\223"..., 8192) = 36
1524632229.749307 clock_gettime(CLOCK_BOOTTIME, {9743, 331132400}) = 0
1524632229.749375 clock_gettime(CLOCK_BOOTTIME, {9743, 331198936}) = 0
1524632229.749440 select(7, [3 4], [5], NULL, NULL) = 1 (out [5])
1524632229.749524 clock_gettime(CLOCK_BOOTTIME, {9743, 331347730}) = 0
1524632229.749588 write(5, "e", 1)      = 1
1524632229.749670 clock_gettime(CLOCK_BOOTTIME, {9743, 331493695}) = 0
1524632229.749736 clock_gettime(CLOCK_BOOTTIME, {9743, 331559621}) = 0
1524632229.749800 select(7, [3 4], [], NULL, NULL) = 1 (in [4])
1524632229.954469 clock_gettime(CLOCK_BOOTTIME, {9743, 536296046}) = 0
1524632229.954542 read(4, "x", 16384)   = 1
1524632229.954737 clock_gettime(CLOCK_BOOTTIME, {9743, 536563686}) = 0
1524632229.954808 clock_gettime(CLOCK_BOOTTIME, {9743, 536632201}) = 0
1524632229.954874 select(7, [3 4], [3], NULL, NULL) = 1 (out [3])
1524632229.954959 clock_gettime(CLOCK_BOOTTIME, {9743, 536782102}) = 0
1524632229.955023 write(3, "\263v\317|\0\2*z\303\376\16\221_\374,BY\335\220\346i\34\312\253\207\10\207C\6k&\225"..., 36) = 36
1524632229.955223 clock_gettime(CLOCK_BOOTTIME, {9743, 537047355}) = 0
1524632229.955429 clock_gettime(CLOCK_BOOTTIME, {9743, 537253469}) = 0
1524632229.955533 select(7, [3 4], [], NULL, NULL) = 1 (in [3])
1524632229.956363 clock_gettime(CLOCK_BOOTTIME, {9743, 538187895}) = 0
1524632229.956430 read(3, ":\356\240A\217\270\n?d%`\301V)\20\5\24h\305t\262\207\"WQ\243\0328?\276\3546"..., 8192) = 36
1524632229.956517 clock_gettime(CLOCK_BOOTTIME, {9743, 538341399}) = 0
1524632229.956608 clock_gettime(CLOCK_BOOTTIME, {9743, 538431862}) = 0
1524632229.956674 select(7, [3 4], [5], NULL, NULL) = 1 (out [5])
1524632229.956758 clock_gettime(CLOCK_BOOTTIME, {9743, 538581615}) = 0
1524632229.956821 write(5, "x", 1)      = 1
1524632229.956901 clock_gettime(CLOCK_BOOTTIME, {9743, 538724639}) = 0
1524632229.956967 clock_gettime(CLOCK_BOOTTIME, {9743, 538790498}) = 0
1524632229.957031 select(7, [3 4], [], NULL, NULL) = 1 (in [4])
1524632230.066423 clock_gettime(CLOCK_BOOTTIME, {9743, 648251303}) = 0
1524632230.066497 read(4, "i", 16384)   = 1
1524632230.066594 clock_gettime(CLOCK_BOOTTIME, {9743, 648418774}) = 0
1524632230.066662 clock_gettime(CLOCK_BOOTTIME, {9743, 648485806}) = 0
1524632230.066787 select(7, [3 4], [3], NULL, NULL) = 1 (out [3])
1524632230.066876 clock_gettime(CLOCK_BOOTTIME, {9743, 648699685}) = 0
1524632230.066942 write(3, "~\300\333p\16[\255O\241)\355\367\220E\327\270z\2(\276w\3045\36A\362\274\367FX\237X"..., 36) = 36
1524632230.067135 clock_gettime(CLOCK_BOOTTIME, {9743, 648959495}) = 0
1524632230.067204 clock_gettime(CLOCK_BOOTTIME, {9743, 649027662}) = 0
1524632230.067269 select(7, [3 4], [], NULL, NULL) = 1 (in [3])
1524632230.068300 clock_gettime(CLOCK_BOOTTIME, {9743, 650125498}) = 0
1524632230.068369 read(3, "`\270$I\205\212\207\177\245\350^\233\253\25\257|\337@\341\255:H\221\320\213\257\2300=bN\t"..., 8192) = 36
1524632230.068459 clock_gettime(CLOCK_BOOTTIME, {9743, 650283851}) = 0
1524632230.068526 clock_gettime(CLOCK_BOOTTIME, {9743, 650349906}) = 0
1524632230.068591 select(7, [3 4], [5], NULL, NULL) = 1 (out [5])
1524632230.068780 clock_gettime(CLOCK_BOOTTIME, {9743, 650606556}) = 0
1524632230.068850 write(5, "i", 1)      = 1
1524632230.068933 clock_gettime(CLOCK_BOOTTIME, {9743, 650757124}) = 0
1524632230.069018 clock_gettime(CLOCK_BOOTTIME, {9743, 650842953}) = 0
1524632230.069085 select(7, [3 4], [], NULL, NULL) = 1 (in [4])
1524632230.194661 clock_gettime(CLOCK_BOOTTIME, {9743, 776488339}) = 0
1524632230.194734 read(4, "t", 16384)   = 1
1524632230.194830 clock_gettime(CLOCK_BOOTTIME, {9743, 776655813}) = 0
1524632230.194945 clock_gettime(CLOCK_BOOTTIME, {9743, 776778771}) = 0
1524632230.195025 select(7, [3 4], [3], NULL, NULL) = 1 (out [3])
1524632230.195112 clock_gettime(CLOCK_BOOTTIME, {9743, 776935719}) = 0
1524632230.195177 write(3, "\325B\1\236\2\227\313\247\266\271\311:Yv\266=\246)v\211+\177\201{\31\225\223?:\336\325\224"..., 36) = 36
1524632230.195371 clock_gettime(CLOCK_BOOTTIME, {9743, 777195323}) = 0
1524632230.195440 clock_gettime(CLOCK_BOOTTIME, {9743, 777263440}) = 0
1524632230.195504 select(7, [3 4], [], NULL, NULL) = 1 (in [3])
1524632230.196571 clock_gettime(CLOCK_BOOTTIME, {9743, 778396864}) = 0
1524632230.196641 read(3, "\333\35\30F\335\351\256\215\215Z\0[\234\\\t}\365\0222?\267\364K\246\210s\225\274O9\220~"..., 8192) = 36
1524632230.196730 clock_gettime(CLOCK_BOOTTIME, {9743, 778555445}) = 0
1524632230.196799 clock_gettime(CLOCK_BOOTTIME, {9743, 778622334}) = 0
1524632230.196863 select(7, [3 4], [5], NULL, NULL) = 1 (out [5])
1524632230.196975 clock_gettime(CLOCK_BOOTTIME, {9743, 778800008}) = 0
1524632230.197042 write(5, "t", 1)      = 1
1524632230.197123 clock_gettime(CLOCK_BOOTTIME, {9743, 778946517}) = 0
1524632230.197189 clock_gettime(CLOCK_BOOTTIME, {9743, 779012774}) = 0
1524632230.197253 select(7, [3 4], [], NULL, NULL) = 1 (in [4])
1524632230.416940 clock_gettime(CLOCK_BOOTTIME, {9743, 998756489}) = 0
1524632230.416977 read(4, "\r", 16384)  = 1
1524632230.417026 clock_gettime(CLOCK_BOOTTIME, {9743, 998840813}) = 0
1524632230.417058 clock_gettime(CLOCK_BOOTTIME, {9743, 998872532}) = 0
1524632230.417089 select(7, [3 4], [3], NULL, NULL) = 1 (out [3])
1524632230.417130 clock_gettime(CLOCK_BOOTTIME, {9743, 998943743}) = 0
1524632230.417160 write(3, ",2\fll\236>\370\251Qi\246\0\5\3R\344\34\205+;F\203\354\370+\270+\277\323\2056"..., 36) = 36
1524632230.417273 clock_gettime(CLOCK_BOOTTIME, {9743, 999087420}) = 0
1524632230.417306 clock_gettime(CLOCK_BOOTTIME, {9743, 999119646}) = 0
1524632230.417336 select(7, [3 4], [], NULL, NULL) = 1 (in [3])
1524632230.418953 clock_gettime(CLOCK_BOOTTIME, {9744, 767993}) = 0
1524632230.418985 read(3, "o o\336\227\10\267\275 \227|F\253_\337\31\264H\337\235\16\374\27lB\246\177\20Id\30\342"..., 8192) = 44
1524632230.419026 clock_gettime(CLOCK_BOOTTIME, {9744, 841009}) = 0
1524632230.419057 clock_gettime(CLOCK_BOOTTIME, {9744, 871192}) = 0
1524632230.419087 select(7, [3 4], [5], NULL, NULL) = 1 (out [5])
1524632230.419125 clock_gettime(CLOCK_BOOTTIME, {9744, 939266}) = 0
1524632230.419154 write(5, "\r\n\346\263\250\351\224\200\r\n", 10) = 10
1524632230.419192 clock_gettime(CLOCK_BOOTTIME, {9744, 1005988}) = 0
1524632230.419222 clock_gettime(CLOCK_BOOTTIME, {9744, 1036246}) = 0
1524632230.419252 select(7, [3 4], [], NULL, NULL) = 1 (in [3])
1524632230.434904 clock_gettime(CLOCK_BOOTTIME, {9744, 16722082}) = 0
1524632230.434943 read(3, "\6E\324\320\365\250\31\34\327j\225\321K\210)\30\314\370\317\314\335l@`\216o\253\356;-A\1"..., 8192) = 36
1524632230.435068 close(5)              = 0
1524632230.435102 clock_gettime(CLOCK_BOOTTIME, {9744, 16916133}) = 0
1524632230.435134 clock_gettime(CLOCK_BOOTTIME, {9744, 16948216}) = 0
1524632230.435165 select(7, [3 4], [], NULL, NULL) = 1 (in [3])
1524632230.435277 clock_gettime(CLOCK_BOOTTIME, {9744, 17091287}) = 0
1524632230.435308 read(3, "\vQ.\6V1O\371\254\310\370.L\354@W\35\201\330\321-\231\202\317\365\247\t\17\32Y\34b"..., 8192) = 140
1524632230.435350 close(4)              = 0
1524632230.435383 clock_gettime(CLOCK_BOOTTIME, {9744, 17197185}) = 0
1524632230.435414 clock_gettime(CLOCK_BOOTTIME, {9744, 17228087}) = 0
1524632230.435445 ioctl(0, TCGETS, {B38400 -opost -isig -icanon -echo ...}) = 0
1524632230.435494 ioctl(0, SNDCTL_TMR_STOP or TCSETSW, {B38400 opost isig icanon echo ...}) = 0
1524632230.435529 ioctl(0, TCGETS, {B38400 opost isig icanon echo ...}) = 0
1524632230.435593 close(6)              = 0
1524632230.435624 select(7, [3], [3], NULL, NULL) = 1 (out [3])
1524632230.435664 clock_gettime(CLOCK_BOOTTIME, {9744, 17477974}) = 0
1524632230.435694 write(3, "\236\364\333\232x\260\322\264\261\3Em\275O9\303b\350\217\245\370\251\213@\305\n\362?\35W\v?"..., 36) = 36
1524632230.435841 rt_sigaction(SIGWINCH, NULL, {0x564c72de8480, [], SA_RESTORER, 0x7fb635fcd4b0}, 8) = 0
1524632230.435959 rt_sigaction(SIGWINCH, {SIG_DFL, [], SA_RESTORER, 0x7fb635fcd4b0}, NULL, 8) = 0
1524632230.435996 write(3, "\231\225>U\315Hfz\306p \33\355\243\325\213)\223\312\373\nd3o\303\220\224\266\357u\6\10"..., 60) = 60
1524632230.436064 ioctl(0, TCGETS, {B38400 opost isig icanon echo ...}) = 0
1524632230.436097 ioctl(1, TCGETS, 0x7fffcf62bec0) = -1 ENOTTY (Inappropriate ioctl for device)
1524632230.436129 fcntl(1, F_GETFL)     = 0x8001 (flags O_WRONLY|O_LARGEFILE)
1524632230.436158 ioctl(2, TCGETS, {B38400 opost isig icanon echo ...}) = 0
1524632230.436193 write(2, "Connection to 172.27.79.13 close"..., 36) = 36
1524632230.436238 clock_gettime(CLOCK_BOOTTIME, {9744, 18052637}) = 0
1524632230.436271 close(3)              = 0
1524632230.436450 exit_group(0)         = ?
1524632230.437103 +++ exited with 0 +++
