1524632449.814264 select(4, [3], NULL, NULL, NULL) = 1 (in [3])
1524632449.822801 read(3, "\273\r\232\305K\7\306\354\235\300\276l\277\316\343\261\220\331WeCm2\316]/u\2", 8192) = 28
1524632449.822864 dup(0)                = 4
1524632449.822892 dup(1)                = 5
1524632449.822917 dup(2)                = 6
1524632449.822941 ioctl(4, TCGETS, {B38400 opost isig icanon echo ...}) = 0
1524632449.822974 ioctl(5, TCGETS, {B38400 opost isig icanon echo ...}) = 0
1524632449.823002 ioctl(6, TCGETS, {B38400 opost isig icanon echo ...}) = 0
1524632449.823076 fcntl(4, F_SETFD, FD_CLOEXEC) = 0
1524632449.823104 fcntl(5, F_SETFD, FD_CLOEXEC) = 0
1524632449.823128 fcntl(6, F_SETFD, FD_CLOEXEC) = 0
1524632449.823160 open("/dev/null", O_WRONLY) = 7
1524632449.823215 dup2(7, 1)            = 1
1524632449.823240 close(7)              = 0
1524632449.823273 clock_gettime(CLOCK_BOOTTIME, {9963, 405086922}) = 0
1524632449.823305 rt_sigaction(SIGHUP, NULL, {SIG_DFL, [], SA_RESTORER, 0x7f5c2913c4b0}, 8) = 0
1524632449.823335 rt_sigaction(SIGHUP, {SIG_IGN, [], SA_RESTORER, 0x7f5c2913c4b0}, NULL, 8) = 0
1524632449.823363 rt_sigaction(SIGHUP, NULL, {SIG_IGN, [], SA_RESTORER, 0x7f5c2913c4b0}, 8) = 0
1524632449.823390 rt_sigaction(SIGHUP, {0x5608a3d51490, [], SA_RESTORER, 0x7f5c2913c4b0}, NULL, 8) = 0
1524632449.823418 rt_sigaction(SIGINT, NULL, {SIG_DFL, [], SA_RESTORER, 0x7f5c2913c4b0}, 8) = 0
1524632449.823475 rt_sigaction(SIGINT, {SIG_IGN, [], SA_RESTORER, 0x7f5c2913c4b0}, NULL, 8) = 0
1524632449.823502 rt_sigaction(SIGINT, NULL, {SIG_IGN, [], SA_RESTORER, 0x7f5c2913c4b0}, 8) = 0
1524632449.823530 rt_sigaction(SIGINT, {0x5608a3d51490, [], SA_RESTORER, 0x7f5c2913c4b0}, NULL, 8) = 0
1524632449.823557 rt_sigaction(SIGQUIT, NULL, {SIG_DFL, [], SA_RESTORER, 0x7f5c2913c4b0}, 8) = 0
1524632449.823584 rt_sigaction(SIGQUIT, {SIG_IGN, [], SA_RESTORER, 0x7f5c2913c4b0}, NULL, 8) = 0
1524632449.823612 rt_sigaction(SIGQUIT, NULL, {SIG_IGN, [], SA_RESTORER, 0x7f5c2913c4b0}, 8) = 0
1524632449.823639 rt_sigaction(SIGQUIT, {0x5608a3d51490, [], SA_RESTORER, 0x7f5c2913c4b0}, NULL, 8) = 0
1524632449.823666 rt_sigaction(SIGTERM, NULL, {SIG_DFL, [], SA_RESTORER, 0x7f5c2913c4b0}, 8) = 0
1524632449.823694 rt_sigaction(SIGTERM, {SIG_IGN, [], SA_RESTORER, 0x7f5c2913c4b0}, NULL, 8) = 0
1524632449.823721 rt_sigaction(SIGTERM, NULL, {SIG_IGN, [], SA_RESTORER, 0x7f5c2913c4b0}, 8) = 0
1524632449.823748 rt_sigaction(SIGTERM, {0x5608a3d51490, [], SA_RESTORER, 0x7f5c2913c4b0}, NULL, 8) = 0
1524632449.823775 rt_sigaction(SIGWINCH, NULL, {SIG_DFL, [], 0}, 8) = 0
1524632449.823803 rt_sigaction(SIGWINCH, {0x5608a3d51480, [], SA_RESTORER, 0x7f5c2913c4b0}, NULL, 8) = 0
1524632449.823831 ioctl(0, TCGETS, {B38400 opost isig icanon echo ...}) = 0
1524632449.823859 ioctl(0, TCGETS, {B38400 opost isig icanon echo ...}) = 0
1524632449.823887 ioctl(0, SNDCTL_TMR_STOP or TCSETSW, {B38400 -opost -isig -icanon -echo ...}) = 0
1524632449.823917 ioctl(0, TCGETS, {B38400 -opost -isig -icanon -echo ...}) = 0
1524632449.823947 clock_gettime(CLOCK_BOOTTIME, {9963, 405760268}) = 0
1524632449.823976 clock_gettime(CLOCK_BOOTTIME, {9963, 405788773}) = 0
1524632449.824004 select(7, [3], [3], NULL, NULL) = 1 (out [3])
1524632449.824040 clock_gettime(CLOCK_BOOTTIME, {9963, 405853134}) = 0
1524632449.824068 write(3, "\260\n^\305\375\2063F%\244\335I\2329\270j\241\247\232\253\347\245\354\332Q\360\367W\2467lo"..., 112) = 112
1524632449.824151 clock_gettime(CLOCK_BOOTTIME, {9963, 405981353}) = 0
1524632449.824197 clock_gettime(CLOCK_BOOTTIME, {9963, 406009821}) = 0
1524632449.824225 select(7, [3], [], NULL, NULL) = 1 (in [3])
1524632449.945566 clock_gettime(CLOCK_BOOTTIME, {9963, 527391009}) = 0
1524632449.945637 read(3, "XV\\\365\0055/\323\6\344\35\211\257\363\250fiXio\214z\373\320\272z \272>~\306\323"..., 8192) = 940
1524632449.945774 clock_gettime(CLOCK_BOOTTIME, {9963, 527597692}) = 0
1524632449.945839 clock_gettime(CLOCK_BOOTTIME, {9963, 527659667}) = 0
1524632449.945900 select(7, [3], [], NULL, NULL) = 1 (in [3])
1524632449.999839 clock_gettime(CLOCK_BOOTTIME, {9963, 581662863}) = 0
1524632449.999929 read(3, "i\273\7M\377\17\264>U\226:\250\323M{\243\263D\272T\377\331 \344\tA\254Iz\362\234X"..., 8192) = 44
1524632450.000044 getsockopt(3, SOL_TCP, TCP_NODELAY, [0], [4]) = 0
1524632450.000117 setsockopt(3, SOL_TCP, TCP_NODELAY, [1], 4) = 0
1524632450.000181 getsockname(3, {sa_family=AF_INET, sin_port=htons(42980), sin_addr=inet_addr("192.168.146.129")}, [16]) = 0
1524632450.000251 setsockopt(3, SOL_IP, IP_TOS, [16], 4) = 0
1524632450.000317 ioctl(0, TIOCGWINSZ, {ws_row=24, ws_col=105, ws_xpixel=0, ws_ypixel=0}) = 0
1524632450.000430 clock_gettime(CLOCK_BOOTTIME, {9963, 582253695}) = 0
1524632450.000495 clock_gettime(CLOCK_BOOTTIME, {9963, 582316118}) = 0
1524632450.000557 select(7, [3], [3], NULL, NULL) = 1 (out [3])
1524632450.000636 clock_gettime(CLOCK_BOOTTIME, {9963, 582457894}) = 0
1524632450.000700 write(3, "6k\204\2!\324\7\243\364\17\267]\177\222\356\251\277\r\365\24\"O\31\222\335\236\322\237\366\223V\367"..., 392) = 392
1524632450.000872 clock_gettime(CLOCK_BOOTTIME, {9963, 582778657}) = 0
1524632450.001025 clock_gettime(CLOCK_BOOTTIME, {9963, 582846856}) = 0
1524632450.001088 select(7, [3], [], NULL, NULL) = 1 (in [3])
1524632450.003057 clock_gettime(CLOCK_BOOTTIME, {9963, 584880471}) = 0
1524632450.003124 read(3, "\236VC\375\366#\342.\nu\3;}\300Q\337\237\3:3L/\341AS\235(\212vh8\321"..., 8192) = 108
1524632450.003214 clock_gettime(CLOCK_BOOTTIME, {9963, 585036779}) = 0
1524632450.003278 clock_gettime(CLOCK_BOOTTIME, {9963, 585099100}) = 0
1524632450.003340 select(7, [3 4], [], NULL, NULL) = 1 (in [3])
1524632450.003550 clock_gettime(CLOCK_BOOTTIME, {9963, 585371855}) = 0
1524632450.003612 read(3, "H\271\221\306N\370\361>A\277\326\215\25\233-{\203P\276X\232;~H\232\7\254\310^\266\220L"..., 8192) = 172
1524632450.003775 clock_gettime(CLOCK_BOOTTIME, {9963, 585597743}) = 0
1524632450.003838 clock_gettime(CLOCK_BOOTTIME, {9963, 585659553}) = 0
1524632450.003900 select(7, [3 4], [5], NULL, NULL) = 2 (in [3], out [5])
1524632450.004412 clock_gettime(CLOCK_BOOTTIME, {9963, 586234471}) = 0
1524632450.004477 write(5, "Welcome to Ubuntu 16.04.1 LTS (G"..., 70) = 70
1524632450.004669 read(3, "\357\6\364\16HGB\316\324\216e\27o\370|]N\331W.\260\206\253\344\310#a\272\200P,\242"..., 8192) = 456
1524632450.004877 clock_gettime(CLOCK_BOOTTIME, {9963, 586699894}) = 0
1524632450.005023 clock_gettime(CLOCK_BOOTTIME, {9963, 586845867}) = 0
1524632450.005088 select(7, [3 4], [5], NULL, NULL) = 2 (in [3], out [5])
1524632450.005170 clock_gettime(CLOCK_BOOTTIME, {9963, 586991521}) = 0
1524632450.005232 write(5, " * Documentation:  https://help."..., 175) = 175
1524632450.005362 read(3, "\214\304\214+\312V\373\363\22z\203+\271\17\1;\366\356\356\240\213\253;\243\201w\347\r\177\353\332\232"..., 8192) = 228
1524632450.005544 clock_gettime(CLOCK_BOOTTIME, {9963, 587367088}) = 0
1524632450.005608 clock_gettime(CLOCK_BOOTTIME, {9963, 587428843}) = 0
1524632450.005669 select(7, [3 4], [5], NULL, NULL) = 2 (in [3], out [5])
1524632450.005751 clock_gettime(CLOCK_BOOTTIME, {9963, 587572623}) = 0
1524632450.005813 write(5, "\r\n0 \344\270\252\345\256\211\345\205\250\346\233\264\346\226\260\343\200\202\r\n\r\n*** \351\234"..., 52) = 52
1524632450.005963 read(3, "\346\376#P\370X\265Y<\311\261\255\341\266\307\211\360\317\305%\331\273\0218\7\340\242H\277\207*\235"..., 8192) = 164
1524632450.006117 clock_gettime(CLOCK_BOOTTIME, {9963, 587939964}) = 0
1524632450.006180 clock_gettime(CLOCK_BOOTTIME, {9963, 588001846}) = 0
1524632450.006242 select(7, [3 4], [5], NULL, NULL) = 1 (out [5])
1524632450.006323 clock_gettime(CLOCK_BOOTTIME, {9963, 588144133}) = 0
1524632450.006384 write(5, "\r\nLast login: Wed Apr 25 12:57:0"..., 60) = 60
1524632450.006511 clock_gettime(CLOCK_BOOTTIME, {9963, 588333406}) = 0
1524632450.006574 clock_gettime(CLOCK_BOOTTIME, {9963, 588395386}) = 0
1524632450.006636 select(7, [3 4], [], NULL, NULL) = 1 (in [3])
1524632450.293635 clock_gettime(CLOCK_BOOTTIME, {9963, 875464114}) = 0
1524632450.293713 read(3, "b\363\227\2325\312\325sV\35Q{\226@\333\313\303Y\345\n\21\337l,\307\334\373\331^\342G\214"..., 8192) = 100
1524632450.293815 clock_gettime(CLOCK_BOOTTIME, {9963, 875664184}) = 0
1524632450.293909 clock_gettime(CLOCK_BOOTTIME, {9963, 875733398}) = 0
1524632450.293977 select(7, [3 4], [5], NULL, NULL) = 1 (out [5])
1524632450.294067 clock_gettime(CLOCK_BOOTTIME, {9963, 875890478}) = 0
1524632450.294195 write(5, "\33]0;python@ubuntu: ~\7\33[01;32mpyt"..., 64) = 64
1524632450.294392 clock_gettime(CLOCK_BOOTTIME, {9963, 876216074}) = 0
1524632450.294512 clock_gettime(CLOCK_BOOTTIME, {9963, 876336116}) = 0
1524632450.294579 select(7, [3 4], [], NULL, NULL) = 1 (in [4])
1524632451.326240 clock_gettime(CLOCK_BOOTTIME, {9964, 908056124}) = 0
1524632451.326276 read(4, "l", 16384)   = 1
1524632451.326326 clock_gettime(CLOCK_BOOTTIME, {9964, 908140787}) = 0
1524632451.326395 clock_gettime(CLOCK_BOOTTIME, {9964, 908210038}) = 0
1524632451.326428 select(7, [3 4], [3], NULL, NULL) = 1 (out [3])
1524632451.326469 clock_gettime(CLOCK_BOOTTIME, {9964, 908283259}) = 0
1524632451.326500 write(3, "#D^?1\223\303G+\241\261\372\270\25\252\v\376\247\325\237H\353\6J\360\363\211\314x\372\266\242"..., 36) = 36
1524632451.326609 clock_gettime(CLOCK_BOOTTIME, {9964, 908423315}) = 0
1524632451.326641 clock_gettime(CLOCK_BOOTTIME, {9964, 908454630}) = 0
1524632451.326671 select(7, [3 4], [], NULL, NULL) = 1 (in [3])
1524632451.327476 clock_gettime(CLOCK_BOOTTIME, {9964, 909291459}) = 0
1524632451.327509 read(3, "w\36\311\34\206\204\314e\260I\365@\7\241\270(B\225\262Ndb\313\34(\252\271\26\21f\274\321"..., 8192) = 36
1524632451.327552 clock_gettime(CLOCK_BOOTTIME, {9964, 909367086}) = 0
1524632451.327584 clock_gettime(CLOCK_BOOTTIME, {9964, 909398400}) = 0
1524632451.327615 select(7, [3 4], [5], NULL, NULL) = 1 (out [5])
1524632451.327655 clock_gettime(CLOCK_BOOTTIME, {9964, 909468827}) = 0
1524632451.327685 write(5, "l", 1)      = 1
1524632451.327723 clock_gettime(CLOCK_BOOTTIME, {9964, 909536945}) = 0
1524632451.327755 clock_gettime(CLOCK_BOOTTIME, {9964, 909569928}) = 0
1524632451.327787 select(7, [3 4], [], NULL, NULL) = 1 (in [4])
1524632451.439587 clock_gettime(CLOCK_BOOTTIME, {9965, 21417355}) = 0
1524632451.439665 read(4, "s", 16384)   = 1
1524632451.439759 clock_gettime(CLOCK_BOOTTIME, {9965, 21584694}) = 0
1524632451.439829 clock_gettime(CLOCK_BOOTTIME, {9965, 21653156}) = 0
1524632451.439895 select(7, [3 4], [3], NULL, NULL) = 1 (out [3])
1524632451.439981 clock_gettime(CLOCK_BOOTTIME, {9965, 21804955}) = 0
1524632451.440047 write(3, "\3618n\375\2377\30!\344\37\355\"\303\215\250\311\351\335#\321~\215-\215\3024\324Z1\302\271p"..., 36) = 36
1524632451.440241 clock_gettime(CLOCK_BOOTTIME, {9965, 22065617}) = 0
1524632451.440311 clock_gettime(CLOCK_BOOTTIME, {9965, 22135244}) = 0
1524632451.440376 select(7, [3 4], [], NULL, NULL) = 1 (in [3])
1524632451.441348 clock_gettime(CLOCK_BOOTTIME, {9965, 23172520}) = 0
1524632451.441415 read(3, "\265\30\312Z\225\303xF\341\314\26\34\"\37\16\334\275\23\367<\305\"H-P\1\25\210(9\213B"..., 8192) = 36
1524632451.441501 clock_gettime(CLOCK_BOOTTIME, {9965, 23345424}) = 0
1524632451.441591 clock_gettime(CLOCK_BOOTTIME, {9965, 23414896}) = 0
1524632451.441656 select(7, [3 4], [5], NULL, NULL) = 1 (out [5])
1524632451.441740 clock_gettime(CLOCK_BOOTTIME, {9965, 23564026}) = 0
1524632451.441804 write(5, "s", 1)      = 1
1524632451.441882 clock_gettime(CLOCK_BOOTTIME, {9965, 23706408}) = 0
1524632451.441949 clock_gettime(CLOCK_BOOTTIME, {9965, 23772966}) = 0
1524632451.442014 select(7, [3 4], [], NULL, NULL) = 1 (in [4])
1524632451.598231 clock_gettime(CLOCK_BOOTTIME, {9965, 180049240}) = 0
1524632451.598272 read(4, "\r", 16384)  = 1
1524632451.598324 clock_gettime(CLOCK_BOOTTIME, {9965, 180139016}) = 0
1524632451.598358 clock_gettime(CLOCK_BOOTTIME, {9965, 180172920}) = 0
1524632451.598391 select(7, [3 4], [3], NULL, NULL) = 1 (out [3])
1524632451.598435 clock_gettime(CLOCK_BOOTTIME, {9965, 180249804}) = 0
1524632451.598468 write(3, "f:\5\2661\206[_\275L\21\276\304N\231\254\210p\255\313~\223bLs\234\367\310\212\23\312\377"..., 36) = 36
1524632451.598590 clock_gettime(CLOCK_BOOTTIME, {9965, 180404792}) = 0
1524632451.598625 clock_gettime(CLOCK_BOOTTIME, {9965, 180528173}) = 0
1524632451.598750 select(7, [3 4], [], NULL, NULL) = 1 (in [3])
1524632451.600757 clock_gettime(CLOCK_BOOTTIME, {9965, 182572477}) = 0
1524632451.600791 read(3, "C\255W,\235\264(\337\3442\5\266%\335\341\343\213\227\22\25\357+\261/\367\270\327\300c\24\177\317"..., 8192) = 36
1524632451.600837 clock_gettime(CLOCK_BOOTTIME, {9965, 182652278}) = 0
1524632451.600881 clock_gettime(CLOCK_BOOTTIME, {9965, 182696272}) = 0
1524632451.600915 select(7, [3 4], [5], NULL, NULL) = 1 (out [5])
1524632451.600957 clock_gettime(CLOCK_BOOTTIME, {9965, 182772060}) = 0
1524632451.600990 write(5, "\r\n", 2)   = 2
1524632451.601030 clock_gettime(CLOCK_BOOTTIME, {9965, 182844823}) = 0
1524632451.601064 clock_gettime(CLOCK_BOOTTIME, {9965, 182878422}) = 0
1524632451.601096 select(7, [3 4], [], NULL, NULL) = 1 (in [3])
1524632451.602316 clock_gettime(CLOCK_BOOTTIME, {9965, 184131408}) = 0
1524632451.602350 read(3, "\343:wj9\303\325\341\207\360\374:\346\336)\3441+F\3\343D\335\201\356V\211}\310\\\372\21"..., 8192) = 196
1524632451.602394 clock_gettime(CLOCK_BOOTTIME, {9965, 184209180}) = 0
1524632451.602428 clock_gettime(CLOCK_BOOTTIME, {9965, 184242427}) = 0
1524632451.602460 select(7, [3 4], [5], NULL, NULL) = 1 (out [5])
1524632451.602502 clock_gettime(CLOCK_BOOTTIME, {9965, 184316862}) = 0
1524632451.602534 write(5, "\33[0m\33[01;34mdbs\33[0m      \33[01;34"..., 161) = 161
1524632451.602575 clock_gettime(CLOCK_BOOTTIME, {9965, 184389428}) = 0
1524632451.602608 clock_gettime(CLOCK_BOOTTIME, {9965, 184422565}) = 0
1524632451.602640 select(7, [3 4], [], NULL, NULL) = 1 (in [3])
1524632451.602809 clock_gettime(CLOCK_BOOTTIME, {9965, 184623643}) = 0
1524632451.602841 read(3, "M_\305\352\361\1u\310\27Q\234K\\wA\330V\336\16\256\275(\201S\216\220\322l\266\324|e"..., 8192) = 208
1524632451.602949 clock_gettime(CLOCK_BOOTTIME, {9965, 184766611}) = 0
1524632451.602986 clock_gettime(CLOCK_BOOTTIME, {9965, 184800774}) = 0
1524632451.603018 select(7, [3 4], [5], NULL, NULL) = 2 (in [3], out [5])
1524632451.603060 clock_gettime(CLOCK_BOOTTIME, {9965, 184874958}) = 0
1524632451.603092 write(5, "\r\n\33[01;34mDesktop\33[0m  \33[01;34mD"..., 133) = 133
1524632451.603130 read(3, "\263\"2P\274\215s_\214\10b\235\17\252*H\351\236#\21\371\5\366\365E\262}n\237\311\267)"..., 8192) = 36
1524632451.603170 clock_gettime(CLOCK_BOOTTIME, {9965, 184985285}) = 0
1524632451.603203 clock_gettime(CLOCK_BOOTTIME, {9965, 185018121}) = 0
1524632451.603236 select(7, [3 4], [5], NULL, NULL) = 1 (out [5])
1524632451.603277 clock_gettime(CLOCK_BOOTTIME, {9965, 185091635}) = 0
1524632451.603309 write(5, "\r\n", 2)   = 2
1524632451.603346 clock_gettime(CLOCK_BOOTTIME, {9965, 185160681}) = 0
1524632451.603379 clock_gettime(CLOCK_BOOTTIME, {9965, 185193556}) = 0
1524632451.603411 select(7, [3 4], [], NULL, NULL) = 1 (in [3])
1524632451.603547 clock_gettime(CLOCK_BOOTTIME, {9965, 185362030}) = 0
1524632451.603580 read(3, "\231\261\204\316\26!bX\36\212\307,\311\\\274\f9\302\3755{M\336.k1)T\317\346\217\322"..., 8192) = 100
1524632451.603620 clock_gettime(CLOCK_BOOTTIME, {9965, 185435476}) = 0
1524632451.603654 clock_gettime(CLOCK_BOOTTIME, {9965, 185468338}) = 0
1524632451.603686 select(7, [3 4], [5], NULL, NULL) = 1 (out [5])
1524632451.603726 clock_gettime(CLOCK_BOOTTIME, {9965, 185541176}) = 0
1524632451.603758 write(5, "\33]0;python@ubuntu: ~\7\33[01;32mpyt"..., 64) = 64
1524632451.603797 clock_gettime(CLOCK_BOOTTIME, {9965, 185611176}) = 0
1524632451.603829 clock_gettime(CLOCK_BOOTTIME, {9965, 185644118}) = 0
1524632451.603861 select(7, [3 4], [], NULL, NULL) = 1 (in [4])
1524632452.176480 clock_gettime(CLOCK_BOOTTIME, {9965, 758307808}) = 0
1524632452.176576 read(4, "e", 16384)   = 1
1524632452.176677 clock_gettime(CLOCK_BOOTTIME, {9965, 758502741}) = 0
1524632452.176747 clock_gettime(CLOCK_BOOTTIME, {9965, 758571238}) = 0
1524632452.176814 select(7, [3 4], [3], NULL, NULL) = 1 (out [3])
1524632452.176899 clock_gettime(CLOCK_BOOTTIME, {9965, 758722796}) = 0
1524632452.176965 write(3, "N\367\303\321{l\1\200BI\307jZ\267\220\306M\337yT\242\271NW\311\366\335q^\5\367\251"..., 36) = 36
1524632452.177183 clock_gettime(CLOCK_BOOTTIME, {9965, 759007778}) = 0
1524632452.177253 clock_gettime(CLOCK_BOOTTIME, {9965, 759077421}) = 0
1524632452.177319 select(7, [3 4], [], NULL, NULL) = 1 (in [3])
1524632452.178289 clock_gettime(CLOCK_BOOTTIME, {9965, 760113797}) = 0
1524632452.178356 read(3, "\306\10\322\205\35\267\2[T\215\277\217\264>\203\345D\265\366f\254$\351x\251\374e\241u\366\320}"..., 8192) = 36
1524632452.178443 clock_gettime(CLOCK_BOOTTIME, {9965, 760267763}) = 0
1524632452.178510 clock_gettime(CLOCK_BOOTTIME, {9965, 760333872}) = 0
1524632452.178625 select(7, [3 4], [5], NULL, NULL) = 1 (out [5])
1524632452.178714 clock_gettime(CLOCK_BOOTTIME, {9965, 760538026}) = 0
1524632452.178778 write(5, "e", 1)      = 1
1524632452.178857 clock_gettime(CLOCK_BOOTTIME, {9965, 760681298}) = 0
1524632452.178924 clock_gettime(CLOCK_BOOTTIME, {9965, 760748330}) = 0
1524632452.178989 select(7, [3 4], [], NULL, NULL) = 1 (in [4])
1524632452.431897 clock_gettime(CLOCK_BOOTTIME, {9966, 13725224}) = 0
1524632452.431993 read(4, "x", 16384)   = 1
1524632452.432223 clock_gettime(CLOCK_BOOTTIME, {9966, 14050155}) = 0
1524632452.432296 clock_gettime(CLOCK_BOOTTIME, {9966, 14120171}) = 0
1524632452.432362 select(7, [3 4], [3], NULL, NULL) = 1 (out [3])
1524632452.432451 clock_gettime(CLOCK_BOOTTIME, {9966, 14274733}) = 0
1524632452.432516 write(3, "\265\252\331\277\235v\302\336\251N\257P\357\241B\264i$PW\f\v*~\4^\257\32\344\302\f3"..., 36) = 36
1524632452.432936 clock_gettime(CLOCK_BOOTTIME, {9966, 14846238}) = 0
1524632452.433118 clock_gettime(CLOCK_BOOTTIME, {9966, 14944658}) = 0
1524632452.433189 select(7, [3 4], [], NULL, NULL) = 1 (in [3])
1524632452.434056 clock_gettime(CLOCK_BOOTTIME, {9966, 15881074}) = 0
1524632452.434124 read(3, "\36;\302D*\301\rO\4\376\215\353\357*\315\35\343\rT\263\241\321\321\10\"\3213\237\300\263\315\206"..., 8192) = 36
1524632452.434213 clock_gettime(CLOCK_BOOTTIME, {9966, 16038096}) = 0
1524632452.434281 clock_gettime(CLOCK_BOOTTIME, {9966, 16104514}) = 0
1524632452.434345 select(7, [3 4], [5], NULL, NULL) = 1 (out [5])
1524632452.434429 clock_gettime(CLOCK_BOOTTIME, {9966, 16252686}) = 0
1524632452.434493 write(5, "x", 1)      = 1
1524632452.434572 clock_gettime(CLOCK_BOOTTIME, {9966, 16396494}) = 0
1524632452.434639 clock_gettime(CLOCK_BOOTTIME, {9966, 16462519}) = 0
1524632452.434703 select(7, [3 4], [], NULL, NULL) = 1 (in [4])
1524632452.623772 clock_gettime(CLOCK_BOOTTIME, {9966, 205600250}) = 0
1524632452.623848 read(4, "i", 16384)   = 1
1524632452.623945 clock_gettime(CLOCK_BOOTTIME, {9966, 205769841}) = 0
1524632452.624014 clock_gettime(CLOCK_BOOTTIME, {9966, 205837554}) = 0
1524632452.624079 select(7, [3 4], [3], NULL, NULL) = 1 (out [3])
1524632452.624165 clock_gettime(CLOCK_BOOTTIME, {9966, 205988789}) = 0
1524632452.624230 write(3, "\304X\327x%Q\361\304\33E\335WJ\234{a\26\230\22\34\223\213\323\305\34\374I#{\302\3333"..., 36) = 36
1524632452.624448 clock_gettime(CLOCK_BOOTTIME, {9966, 206274029}) = 0
1524632452.624657 clock_gettime(CLOCK_BOOTTIME, {9966, 206481771}) = 0
1524632452.624763 select(7, [3 4], [], NULL, NULL) = 1 (in [3])
1524632452.625562 clock_gettime(CLOCK_BOOTTIME, {9966, 207389791}) = 0
1524632452.625636 read(3, "/Yjd\36!\212\266\272\201\t\316\316;X\6\33\254\364\317?\331h\211b\271\0\210\273\34s\260"..., 8192) = 36
1524632452.625730 clock_gettime(CLOCK_BOOTTIME, {9966, 207557075}) = 0
1524632452.625801 clock_gettime(CLOCK_BOOTTIME, {9966, 207624650}) = 0
1524632452.625867 select(7, [3 4], [5], NULL, NULL) = 1 (out [5])
1524632452.626023 clock_gettime(CLOCK_BOOTTIME, {9966, 207849927}) = 0
1524632452.626094 write(5, "i", 1)      = 1
1524632452.626175 clock_gettime(CLOCK_BOOTTIME, {9966, 207999029}) = 0
1524632452.626243 clock_gettime(CLOCK_BOOTTIME, {9966, 208067058}) = 0
1524632452.626309 select(7, [3 4], [], NULL, NULL) = 1 (in [4])
1524632452.736059 clock_gettime(CLOCK_BOOTTIME, {9966, 317887092}) = 0
1524632452.736160 read(4, "t", 16384)   = 1
1524632452.736259 clock_gettime(CLOCK_BOOTTIME, {9966, 318084604}) = 0
1524632452.736330 clock_gettime(CLOCK_BOOTTIME, {9966, 318170530}) = 0
1524632452.736415 select(7, [3 4], [3], NULL, NULL) = 1 (out [3])
1524632452.736502 clock_gettime(CLOCK_BOOTTIME, {9966, 318325634}) = 0
1524632452.736568 write(3, "\313\26\344\215\255bN\266\\B\340b&\233\31\25\231\214op\351tV\317\346\376\340\200f^\33D"..., 36) = 36
1524632452.736767 clock_gettime(CLOCK_BOOTTIME, {9966, 318591184}) = 0
1524632452.736836 clock_gettime(CLOCK_BOOTTIME, {9966, 318660148}) = 0
1524632452.736901 select(7, [3 4], [], NULL, NULL) = 1 (in [3])
1524632452.737790 clock_gettime(CLOCK_BOOTTIME, {9966, 319615132}) = 0
1524632452.737858 read(3, "\263\22\276\377xl\f\342S1\367R\345l\313p\232l\223\222X\226\17\354,e\32\316V\300\177\267"..., 8192) = 36
1524632452.737947 clock_gettime(CLOCK_BOOTTIME, {9966, 319771621}) = 0
1524632452.738015 clock_gettime(CLOCK_BOOTTIME, {9966, 319838287}) = 0
1524632452.738079 select(7, [3 4], [5], NULL, NULL) = 1 (out [5])
1524632452.738340 clock_gettime(CLOCK_BOOTTIME, {9966, 320166111}) = 0
1524632452.738411 write(5, "t", 1)      = 1
1524632452.738494 clock_gettime(CLOCK_BOOTTIME, {9966, 320318428}) = 0
1524632452.738562 clock_gettime(CLOCK_BOOTTIME, {9966, 320386206}) = 0
1524632452.738628 select(7, [3 4], [], NULL, NULL) = 1 (in [4])
1524632453.102437 clock_gettime(CLOCK_BOOTTIME, {9966, 684254103}) = 0
1524632453.102476 read(4, "\r", 16384)  = 1
1524632453.102528 clock_gettime(CLOCK_BOOTTIME, {9966, 684343681}) = 0
1524632453.102562 clock_gettime(CLOCK_BOOTTIME, {9966, 684377274}) = 0
1524632453.102595 select(7, [3 4], [3], NULL, NULL) = 1 (out [3])
1524632453.102638 clock_gettime(CLOCK_BOOTTIME, {9966, 684453069}) = 0
1524632453.102671 write(3, "N\345\275\214\346\254\337&\352@\362\264>\302L\205iq\303\356\333{:\343\343\346\214\363\351\23LB"..., 36) = 36
1524632453.102802 clock_gettime(CLOCK_BOOTTIME, {9966, 684617379}) = 0
1524632453.102889 clock_gettime(CLOCK_BOOTTIME, {9966, 684706072}) = 0
1524632453.102925 select(7, [3 4], [], NULL, NULL) = 1 (in [3])
1524632453.104173 clock_gettime(CLOCK_BOOTTIME, {9966, 685988924}) = 0
1524632453.104208 read(3, "\351\256\272[X$\234BC\313b\204+\362\30\t@%\320\257\nG8\236\366\226S\337\303\23d\331"..., 8192) = 44
1524632453.104254 clock_gettime(CLOCK_BOOTTIME, {9966, 686069158}) = 0
1524632453.104288 clock_gettime(CLOCK_BOOTTIME, {9966, 686102584}) = 0
1524632453.104320 select(7, [3 4], [5], NULL, NULL) = 1 (out [5])
1524632453.104363 clock_gettime(CLOCK_BOOTTIME, {9966, 686178017}) = 0
1524632453.104395 write(5, "\r\n\346\263\250\351\224\200\r\n", 10) = 10
1524632453.104436 clock_gettime(CLOCK_BOOTTIME, {9966, 686250349}) = 0
1524632453.104469 clock_gettime(CLOCK_BOOTTIME, {9966, 686283505}) = 0
1524632453.104501 select(7, [3 4], [], NULL, NULL) = 1 (in [3])
1524632453.106770 clock_gettime(CLOCK_BOOTTIME, {9966, 688588929}) = 0
1524632453.106810 read(3, "\351\234\217s\357\214\374\203\346\205\261\354\302P\340\336y\203\302\26\315]\315X\210Y+\227\227,@\220"..., 8192) = 176
1524632453.106874 close(4)              = 0
1524632453.106909 close(5)              = 0
1524632453.106964 clock_gettime(CLOCK_BOOTTIME, {9966, 688780030}) = 0
1524632453.106999 clock_gettime(CLOCK_BOOTTIME, {9966, 688814184}) = 0
1524632453.107032 ioctl(0, TCGETS, {B38400 -opost -isig -icanon -echo ...}) = 0
1524632453.107068 ioctl(0, SNDCTL_TMR_STOP or TCSETSW, {B38400 opost isig icanon echo ...}) = 0
1524632453.107103 ioctl(0, TCGETS, {B38400 opost isig icanon echo ...}) = 0
1524632453.107149 close(6)              = 0
1524632453.107181 select(7, [3], [3], NULL, NULL) = 1 (out [3])
1524632453.107223 clock_gettime(CLOCK_BOOTTIME, {9966, 689037503}) = 0
1524632453.107255 write(3, "\213\203\237\237\334\220K\376\26i-\366\227,\374%)\277\347$\r5m\267\1\373\275\201S\267'\253"..., 36) = 36
1524632453.107387 rt_sigaction(SIGWINCH, NULL, {0x5608a3d51480, [], SA_RESTORER, 0x7f5c2913c4b0}, 8) = 0
1524632453.107426 rt_sigaction(SIGWINCH, {SIG_DFL, [], SA_RESTORER, 0x7f5c2913c4b0}, NULL, 8) = 0
1524632453.107465 write(3, "\366\336#[t\363\276\10\0\367\6\260\322z\324\36\312\34\326\0040\223\303\210\313\226\217\25\23K\225\371"..., 60) = 60
1524632453.107577 ioctl(0, TCGETS, {B38400 opost isig icanon echo ...}) = 0
1524632453.107624 ioctl(1, TCGETS, 0x7ffd43bb4690) = -1 ENOTTY (Inappropriate ioctl for device)
1524632453.107664 fcntl(1, F_GETFL)     = 0x8001 (flags O_WRONLY|O_LARGEFILE)
1524632453.107700 ioctl(2, TCGETS, {B38400 opost isig icanon echo ...}) = 0
1524632453.107737 write(2, "Connection to 172.27.79.13 close"..., 36) = 36
1524632453.107780 clock_gettime(CLOCK_BOOTTIME, {9966, 689595432}) = 0
1524632453.107815 close(3)              = 0
1524632453.108024 exit_group(0)         = ?
1524632453.108628 +++ exited with 0 +++
