1524632631.072940 select(4, [3], NULL, NULL, NULL) = 1 (in [3])
1524632631.228724 read(3, "\236\306\374\347\247\305E4\233\37J\233\331i\226\213\245\213\203<\305t\0=\210\307\36\235[\215\232{"..., 8192) = 44
1524632631.228843 write(3, "\254\240/o:(\356\0029\275\263\342\341\32\200\326p7\3372\265\270\3145\206\275\360\26\27\34422"..., 68) = 68
1524632631.229019 select(4, [3], NULL, NULL, NULL) = 1 (in [3])
1524632631.233482 read(3, "\317K=\27&\246^\344\241V\334\325E\354\3`\233`Ewf,\242Vn\210\310cT-)\316"..., 8192) = 52
1524632631.233618 write(3, "\316\230\353MV%\234\261\237\370cAP\300\304c\300G4LF\277R.v+\350J^\210\250\177"..., 372) = 372
1524632631.233778 select(4, [3], NULL, NULL, NULL) = 1 (in [3])
1524632631.235183 read(3, "\21\3746\317m\30\211\276\365\30\301\350\306T \250\334\vN\352)d\20\337\205:\374\31\2F\351s"..., 8192) = 52
1524632631.235297 stat("/home/python/.ssh/id_dsa", 0x7fff4e2b3cf0) = -1 ENOENT (No such file or directory)
1524632631.235400 stat("/home/python/.ssh/id_ecdsa", 0x7fff4e2b3cf0) = -1 ENOENT (No such file or directory)
1524632631.235474 stat("/home/python/.ssh/id_ed25519", 0x7fff4e2b3cf0) = -1 ENOENT (No such file or directory)
1524632631.235546 stat("/home/python/.ssh/id_xmss", 0x7fff4e2b3cf0) = -1 ENOENT (No such file or directory)
1524632631.235625 open("/dev/tty", O_RDWR) = 4
1524632631.235708 close(4)              = 0
1524632631.235770 open("/dev/tty", O_RDWR) = 4
1524632631.235840 ioctl(4, TCGETS, {B38400 opost isig icanon echo ...}) = 0
1524632631.235908 ioctl(4, TCGETS, {B38400 opost isig icanon echo ...}) = 0
1524632631.235970 ioctl(4, SNDCTL_TMR_CONTINUE or TCSETSF, {B38400 opost isig icanon -echo ...}) = 0
1524632631.236034 ioctl(4, TCGETS, {B38400 opost isig icanon -echo ...}) = 0
1524632631.236096 rt_sigaction(SIGALRM, {0x55a9edf6a6a0, [], SA_RESTORER, 0x7fd5490344b0}, {SIG_DFL, [], 0}, 8) = 0
1524632631.236166 rt_sigaction(SIGHUP, {0x55a9edf6a6a0, [], SA_RESTORER, 0x7fd5490344b0}, {SIG_DFL, [], 0}, 8) = 0
1524632631.236255 rt_sigaction(SIGINT, {0x55a9edf6a6a0, [], SA_RESTORER, 0x7fd5490344b0}, {SIG_DFL, [], 0}, 8) = 0
1524632631.236325 rt_sigaction(SIGPIPE, {0x55a9edf6a6a0, [], SA_RESTORER, 0x7fd5490344b0}, {SIG_IGN, [], SA_RESTORER, 0x7fd5490344b0}, 8) = 0
1524632631.236392 rt_sigaction(SIGQUIT, {0x55a9edf6a6a0, [], SA_RESTORER, 0x7fd5490344b0}, {SIG_DFL, [], 0}, 8) = 0
1524632631.236457 rt_sigaction(SIGTERM, {0x55a9edf6a6a0, [], SA_RESTORER, 0x7fd5490344b0}, {SIG_DFL, [], 0}, 8) = 0
1524632631.236524 rt_sigaction(SIGTSTP, {0x55a9edf6a6a0, [], SA_RESTORER, 0x7fd5490344b0}, {SIG_DFL, [], 0}, 8) = 0
1524632631.236590 rt_sigaction(SIGTTIN, {0x55a9edf6a6a0, [], SA_RESTORER, 0x7fd5490344b0}, {SIG_DFL, [], 0}, 8) = 0
1524632631.236656 rt_sigaction(SIGTTOU, {0x55a9edf6a6a0, [], SA_RESTORER, 0x7fd5490344b0}, {SIG_DFL, [], 0}, 8) = 0
1524632631.236724 write(4, "python@172.27.79.13's password: ", 32) = 32
1524632631.236863 read(4, "l", 1)       = 1
1524632631.236929 read(4, "g", 1)       = 1
1524632631.236990 read(4, "5", 1)       = 1
1524632631.237052 read(4, "4", 1)       = 1
1524632631.237112 read(4, "j", 1)       = 1
1524632631.237173 read(4, "j", 1)       = 1
1524632631.237253 read(4, "5", 1)       = 1
1524632631.237317 read(4, "5", 1)       = 1
1524632631.237379 read(4, "\n", 1)      = 1
1524632631.237441 write(4, "\n", 1)     = 1
1524632631.237528 ioctl(4, TCGETS, {B38400 opost isig icanon -echo ...}) = 0
1524632631.237592 ioctl(4, SNDCTL_TMR_CONTINUE or TCSETSF, {B38400 opost isig icanon echo ...}) = 0
1524632631.237655 ioctl(4, TCGETS, {B38400 opost isig icanon echo ...}) = 0
1524632631.237717 rt_sigaction(SIGALRM, {SIG_DFL, [], SA_RESTORER, 0x7fd5490344b0}, NULL, 8) = 0
1524632631.237778 rt_sigaction(SIGHUP, {SIG_DFL, [], SA_RESTORER, 0x7fd5490344b0}, NULL, 8) = 0
1524632631.237838 rt_sigaction(SIGINT, {SIG_DFL, [], SA_RESTORER, 0x7fd5490344b0}, NULL, 8) = 0
1524632631.237898 rt_sigaction(SIGQUIT, {SIG_DFL, [], SA_RESTORER, 0x7fd5490344b0}, NULL, 8) = 0
1524632631.237958 rt_sigaction(SIGPIPE, {SIG_IGN, [], SA_RESTORER, 0x7fd5490344b0}, NULL, 8) = 0
1524632631.238019 rt_sigaction(SIGTERM, {SIG_DFL, [], SA_RESTORER, 0x7fd5490344b0}, NULL, 8) = 0
1524632631.238096 rt_sigaction(SIGTSTP, {SIG_DFL, [], SA_RESTORER, 0x7fd5490344b0}, NULL, 8) = 0
1524632631.238157 rt_sigaction(SIGTTIN, {SIG_DFL, [], SA_RESTORER, 0x7fd5490344b0}, NULL, 8) = 0
1524632631.238216 rt_sigaction(SIGTTOU, {SIG_DFL, [], SA_RESTORER, 0x7fd5490344b0}, NULL, 8) = 0
1524632631.238332 close(4)              = 0
1524632631.238407 write(3, "\257 \241\231\203\231-\34\260\312\326\7]\244ek2\365.0&\330\301w\r\315\"\260\200`\6\263"..., 148) = 148
1524632631.238567 select(4, [3], NULL, NULL, NULL) = 1 (in [3])
1524632631.251422 read(3, "iT@\2116\313q\376\3734>\213\372*HZ\304S\n\316\234\362`\341}\n\321\327", 8192) = 28
1524632631.251594 dup(0)                = 4
1524632631.251655 dup(1)                = 5
1524632631.251707 dup(2)                = 6
1524632631.251760 ioctl(4, TCGETS, {B38400 opost isig icanon echo ...}) = 0
1524632631.251829 ioctl(5, TCGETS, {B38400 opost isig icanon echo ...}) = 0
1524632631.251891 ioctl(6, TCGETS, {B38400 opost isig icanon echo ...}) = 0
1524632631.251961 fcntl(4, F_SETFD, FD_CLOEXEC) = 0
1524632631.252017 fcntl(5, F_SETFD, FD_CLOEXEC) = 0
1524632631.252071 fcntl(6, F_SETFD, FD_CLOEXEC) = 0
1524632631.252142 open("/dev/null", O_WRONLY) = 7
1524632631.252224 dup2(7, 1)            = 1
1524632631.252313 close(7)              = 0
1524632631.252370 clock_gettime(CLOCK_BOOTTIME, {10144, 834192014}) = 0
1524632631.252490 rt_sigaction(SIGHUP, NULL, {SIG_DFL, [], SA_RESTORER, 0x7fd5490344b0}, 8) = 0
1524632631.252557 rt_sigaction(SIGHUP, {SIG_IGN, [], SA_RESTORER, 0x7fd5490344b0}, NULL, 8) = 0
1524632631.252619 rt_sigaction(SIGHUP, NULL, {SIG_IGN, [], SA_RESTORER, 0x7fd5490344b0}, 8) = 0
1524632631.252679 rt_sigaction(SIGHUP, {0x55a9edf17490, [], SA_RESTORER, 0x7fd5490344b0}, NULL, 8) = 0
1524632631.252740 rt_sigaction(SIGINT, NULL, {SIG_DFL, [], SA_RESTORER, 0x7fd5490344b0}, 8) = 0
1524632631.252800 rt_sigaction(SIGINT, {SIG_IGN, [], SA_RESTORER, 0x7fd5490344b0}, NULL, 8) = 0
1524632631.252862 rt_sigaction(SIGINT, NULL, {SIG_IGN, [], SA_RESTORER, 0x7fd5490344b0}, 8) = 0
1524632631.252921 rt_sigaction(SIGINT, {0x55a9edf17490, [], SA_RESTORER, 0x7fd5490344b0}, NULL, 8) = 0
1524632631.252983 rt_sigaction(SIGQUIT, NULL, {SIG_DFL, [], SA_RESTORER, 0x7fd5490344b0}, 8) = 0
1524632631.253043 rt_sigaction(SIGQUIT, {SIG_IGN, [], SA_RESTORER, 0x7fd5490344b0}, NULL, 8) = 0
1524632631.253103 rt_sigaction(SIGQUIT, NULL, {SIG_IGN, [], SA_RESTORER, 0x7fd5490344b0}, 8) = 0
1524632631.253163 rt_sigaction(SIGQUIT, {0x55a9edf17490, [], SA_RESTORER, 0x7fd5490344b0}, NULL, 8) = 0
1524632631.253224 rt_sigaction(SIGTERM, NULL, {SIG_DFL, [], SA_RESTORER, 0x7fd5490344b0}, 8) = 0
1524632631.253313 rt_sigaction(SIGTERM, {SIG_IGN, [], SA_RESTORER, 0x7fd5490344b0}, NULL, 8) = 0
1524632631.253374 rt_sigaction(SIGTERM, NULL, {SIG_IGN, [], SA_RESTORER, 0x7fd5490344b0}, 8) = 0
1524632631.253434 rt_sigaction(SIGTERM, {0x55a9edf17490, [], SA_RESTORER, 0x7fd5490344b0}, NULL, 8) = 0
1524632631.253496 rt_sigaction(SIGWINCH, NULL, {SIG_DFL, [], 0}, 8) = 0
1524632631.253556 rt_sigaction(SIGWINCH, {0x55a9edf17480, [], SA_RESTORER, 0x7fd5490344b0}, NULL, 8) = 0
1524632631.253618 ioctl(0, TCGETS, {B38400 opost isig icanon echo ...}) = 0
1524632631.253682 ioctl(0, TCGETS, {B38400 opost isig icanon echo ...}) = 0
1524632631.253743 ioctl(0, SNDCTL_TMR_STOP or TCSETSW, {B38400 -opost -isig -icanon -echo ...}) = 0
1524632631.253807 ioctl(0, TCGETS, {B38400 -opost -isig -icanon -echo ...}) = 0
1524632631.253875 clock_gettime(CLOCK_BOOTTIME, {10144, 835696133}) = 0
1524632631.253940 clock_gettime(CLOCK_BOOTTIME, {10144, 835761473}) = 0
1524632631.254002 select(7, [3], [3], NULL, NULL) = 1 (out [3])
1524632631.254081 clock_gettime(CLOCK_BOOTTIME, {10144, 835902287}) = 0
1524632631.254142 write(3, "RB\374=\332\333\367\17\266e\371\231\275\1[Qs\263\n\203\6-\332\224\274E\257/H\336Ch"..., 112) = 112
1524632631.254339 clock_gettime(CLOCK_BOOTTIME, {10144, 836161318}) = 0
1524632631.254406 clock_gettime(CLOCK_BOOTTIME, {10144, 836227405}) = 0
1524632631.254468 select(7, [3], [], NULL, NULL) = 1 (in [3])
1524632631.405012 clock_gettime(CLOCK_BOOTTIME, {10144, 986839671}) = 0
1524632631.405090 read(3, "\264b\21\32\364O:g\344\235\215\207\320\344\0063\31\217]\213\31o\254=\354y\355\0268\227\232I"..., 8192) = 940
1524632631.405215 clock_gettime(CLOCK_BOOTTIME, {10144, 987040696}) = 0
1524632631.405291 clock_gettime(CLOCK_BOOTTIME, {10144, 987114588}) = 0
1524632631.405361 select(7, [3], [], NULL, NULL) = 1 (in [3])
1524632631.455697 clock_gettime(CLOCK_BOOTTIME, {10145, 37522350}) = 0
1524632631.455767 read(3, "\352\333\v\202[JB~\320\226\333\16C\361\217\37QE,\2005\17\370\273N\373\274\353I_\205\300"..., 8192) = 44
1524632631.455896 getsockopt(3, SOL_TCP, TCP_NODELAY, [0], [4]) = 0
1524632631.455970 setsockopt(3, SOL_TCP, TCP_NODELAY, [1], 4) = 0
1524632631.456035 getsockname(3, {sa_family=AF_INET, sin_port=htons(42982), sin_addr=inet_addr("192.168.146.129")}, [16]) = 0
1524632631.456104 setsockopt(3, SOL_IP, IP_TOS, [16], 4) = 0
1524632631.456172 ioctl(0, TIOCGWINSZ, {ws_row=24, ws_col=105, ws_xpixel=0, ws_ypixel=0}) = 0
1524632631.456288 clock_gettime(CLOCK_BOOTTIME, {10145, 38111736}) = 0
1524632631.456356 clock_gettime(CLOCK_BOOTTIME, {10145, 38177126}) = 0
1524632631.456418 select(7, [3], [3], NULL, NULL) = 1 (out [3])
1524632631.456498 clock_gettime(CLOCK_BOOTTIME, {10145, 38318907}) = 0
1524632631.456560 write(3, "\362\221\r\314N\221u)\347\203\3773zw\226\313\365\r\311dY\236\1\202\260\340|k\207\274\201\337"..., 392) = 392
1524632631.456724 clock_gettime(CLOCK_BOOTTIME, {10145, 38545647}) = 0
1524632631.456790 clock_gettime(CLOCK_BOOTTIME, {10145, 38611529}) = 0
1524632631.456946 select(7, [3], [], NULL, NULL) = 1 (in [3])
1524632631.459517 clock_gettime(CLOCK_BOOTTIME, {10145, 41339420}) = 0
1524632631.459581 read(3, "1\17(@Ip7\5\321\205\314\220\312\356a\25\315\3408\331\33\351\30\326\200'\255`\341\r\31\\"..., 8192) = 108
1524632631.459670 clock_gettime(CLOCK_BOOTTIME, {10145, 41492043}) = 0
1524632631.459734 clock_gettime(CLOCK_BOOTTIME, {10145, 41555321}) = 0
1524632631.459796 select(7, [3 4], [], NULL, NULL) = 1 (in [3])
1524632631.460237 clock_gettime(CLOCK_BOOTTIME, {10145, 42059769}) = 0
1524632631.460303 read(3, "c/Y\22\302\220\177O-#\21F\230\200\375\260j\377|'g3\313\256\225\301\234\327\307;z\311"..., 8192) = 100
1524632631.460540 clock_gettime(CLOCK_BOOTTIME, {10145, 42364491}) = 0
1524632631.460609 clock_gettime(CLOCK_BOOTTIME, {10145, 42563734}) = 0
1524632631.460818 select(7, [3 4], [5], NULL, NULL) = 2 (in [3], out [5])
1524632631.460985 clock_gettime(CLOCK_BOOTTIME, {10145, 42806398}) = 0
1524632631.461047 write(5, "Welcome to Ubuntu 16.04.1 LTS (G"..., 66) = 66
1524632631.461493 read(3, "\5Qx\327\0\354\200\372\313Aw\4=\242-\371\245\263\300|\3305OSG\372\5-/Y\237y"..., 8192) = 304
1524632631.461794 clock_gettime(CLOCK_BOOTTIME, {10145, 43621300}) = 0
1524632631.462019 clock_gettime(CLOCK_BOOTTIME, {10145, 43845568}) = 0
1524632631.462090 select(7, [3 4], [5], NULL, NULL) = 2 (in [3], out [5])
1524632631.462264 clock_gettime(CLOCK_BOOTTIME, {10145, 44090624}) = 0
1524632631.462336 write(5, "\r\n\r\n * Documentation:  https://h"..., 100) = 100
1524632631.462541 read(3, "\355%@\273\340\340y\277P\306\"LY;\306\344_\17\32al\226L\237\261u\7\305\22\375o\251"..., 8192) = 224
1524632631.462780 clock_gettime(CLOCK_BOOTTIME, {10145, 44602615}) = 0
1524632631.462918 clock_gettime(CLOCK_BOOTTIME, {10145, 44740344}) = 0
1524632631.462982 select(7, [3 4], [5], NULL, NULL) = 2 (in [3], out [5])
1524632631.463216 clock_gettime(CLOCK_BOOTTIME, {10145, 45038180}) = 0
1524632631.463327 write(5, " * Support:        https://ubunt"..., 79) = 79
1524632631.463466 read(3, "\252,\346\256\35R=KT\365\341?\214r\7\21R\253\344\324;{\16\223\nV*\272Z\313\34\322"..., 8192) = 392
1524632631.463778 clock_gettime(CLOCK_BOOTTIME, {10145, 45600970}) = 0
1524632631.463871 clock_gettime(CLOCK_BOOTTIME, {10145, 45694471}) = 0
1524632631.463936 select(7, [3 4], [5], NULL, NULL) = 1 (out [5])
1524632631.464019 clock_gettime(CLOCK_BOOTTIME, {10145, 45839928}) = 0
1524632631.464080 write(5, "\r\n0 \344\270\252\345\256\211\345\205\250\346\233\264\346\226\260\343\200\202\r\n\r\n*** \351\234"..., 112) = 112
1524632631.464232 clock_gettime(CLOCK_BOOTTIME, {10145, 46054581}) = 0
1524632631.464298 clock_gettime(CLOCK_BOOTTIME, {10145, 46119345}) = 0
1524632631.464360 select(7, [3 4], [], NULL, NULL) = 1 (in [3])
1524632631.705429 clock_gettime(CLOCK_BOOTTIME, {10145, 287278610}) = 0
1524632631.705531 read(3, "6d\217\242}O9ZIx\303:\vC\260\354\351\306\365v\201\210\350$\32c\22\277\311\202\220\217"..., 8192) = 100
1524632631.705634 clock_gettime(CLOCK_BOOTTIME, {10145, 287459695}) = 0
1524632631.705704 clock_gettime(CLOCK_BOOTTIME, {10145, 287527744}) = 0
1524632631.705770 select(7, [3 4], [5], NULL, NULL) = 1 (out [5])
1524632631.705858 clock_gettime(CLOCK_BOOTTIME, {10145, 287681857}) = 0
1524632631.705923 write(5, "\33]0;python@ubuntu: ~\7\33[01;32mpyt"..., 64) = 64
1524632631.706121 clock_gettime(CLOCK_BOOTTIME, {10145, 287945704}) = 0
1524632631.706190 clock_gettime(CLOCK_BOOTTIME, {10145, 288014089}) = 0
1524632631.706255 select(7, [3 4], [], NULL, NULL) = 1 (in [4])
1524632632.557058 clock_gettime(CLOCK_BOOTTIME, {10146, 138886740}) = 0
1524632632.557156 read(4, "l", 16384)   = 1
1524632632.557257 clock_gettime(CLOCK_BOOTTIME, {10146, 139082738}) = 0
1524632632.557327 clock_gettime(CLOCK_BOOTTIME, {10146, 139151476}) = 0
1524632632.557394 select(7, [3 4], [3], NULL, NULL) = 1 (out [3])
1524632632.557482 clock_gettime(CLOCK_BOOTTIME, {10146, 139306158}) = 0
1524632632.557549 write(3, "\352\251\257\366\334\235\230]\"\345|\23{>\332$\271\256\204D\f\353|\21V\206\310\330\351J\245}"..., 36) = 36
1524632632.557748 clock_gettime(CLOCK_BOOTTIME, {10146, 139573167}) = 0
1524632632.557819 clock_gettime(CLOCK_BOOTTIME, {10146, 139643762}) = 0
1524632632.557886 select(7, [3 4], [], NULL, NULL) = 1 (in [3])
1524632632.559000 clock_gettime(CLOCK_BOOTTIME, {10146, 140825772}) = 0
1524632632.559070 read(3, "\226^\334r\222\217\20\356Xu(\16\255\255\35\316\234n\240>\"c\273\32m\304\234eD\235\377\367"..., 8192) = 36
1524632632.559184 clock_gettime(CLOCK_BOOTTIME, {10146, 141010978}) = 0
1524632632.559256 clock_gettime(CLOCK_BOOTTIME, {10146, 141079942}) = 0
1524632632.559322 select(7, [3 4], [5], NULL, NULL) = 1 (out [5])
1524632632.559409 clock_gettime(CLOCK_BOOTTIME, {10146, 141232600}) = 0
1524632632.559474 write(5, "l", 1)      = 1
1524632632.559555 clock_gettime(CLOCK_BOOTTIME, {10146, 141378449}) = 0
1524632632.559621 clock_gettime(CLOCK_BOOTTIME, {10146, 141445163}) = 0
1524632632.559687 select(7, [3 4], [], NULL, NULL) = 1 (in [4])
1524632632.685339 clock_gettime(CLOCK_BOOTTIME, {10146, 267166918}) = 0
1524632632.685415 read(4, "s", 16384)   = 1
1524632632.685586 clock_gettime(CLOCK_BOOTTIME, {10146, 267412478}) = 0
1524632632.685658 clock_gettime(CLOCK_BOOTTIME, {10146, 267482306}) = 0
1524632632.685725 select(7, [3 4], [3], NULL, NULL) = 1 (out [3])
1524632632.685814 clock_gettime(CLOCK_BOOTTIME, {10146, 267637545}) = 0
1524632632.685880 write(3, "\36\231\242h5\177\250\227\16{\255\250\224\361\202\267}\213\231\356U\342s\275\22\36\253\2571\272\343Z"..., 36) = 36
1524632632.686075 clock_gettime(CLOCK_BOOTTIME, {10146, 267900236}) = 0
1524632632.686146 clock_gettime(CLOCK_BOOTTIME, {10146, 267969816}) = 0
1524632632.686212 select(7, [3 4], [], NULL, NULL) = 1 (in [3])
1524632632.687092 clock_gettime(CLOCK_BOOTTIME, {10146, 268917066}) = 0
1524632632.687160 read(3, "bVJVrR\353\\\325\35x\361;H\332l\303\263\243\367\245zZ%\300\356\0\211o\327\21\36"..., 8192) = 36
1524632632.687248 clock_gettime(CLOCK_BOOTTIME, {10146, 269073324}) = 0
1524632632.687317 clock_gettime(CLOCK_BOOTTIME, {10146, 269140837}) = 0
1524632632.687382 select(7, [3 4], [5], NULL, NULL) = 1 (out [5])
1524632632.687600 clock_gettime(CLOCK_BOOTTIME, {10146, 269436128}) = 0
1524632632.687686 write(5, "s", 1)      = 1
1524632632.687771 clock_gettime(CLOCK_BOOTTIME, {10146, 269595581}) = 0
1524632632.687840 clock_gettime(CLOCK_BOOTTIME, {10146, 269664259}) = 0
1524632632.687906 select(7, [3 4], [], NULL, NULL) = 1 (in [4])
1524632632.828266 clock_gettime(CLOCK_BOOTTIME, {10146, 410083453}) = 0
1524632632.828305 read(4, "\r", 16384)  = 1
1524632632.828369 clock_gettime(CLOCK_BOOTTIME, {10146, 410185189}) = 0
1524632632.828405 clock_gettime(CLOCK_BOOTTIME, {10146, 410219427}) = 0
1524632632.828438 select(7, [3 4], [3], NULL, NULL) = 1 (out [3])
1524632632.828482 clock_gettime(CLOCK_BOOTTIME, {10146, 410296701}) = 0
1524632632.828515 write(3, "\334\31fe#9\276\23\215;\237\327|.D\357F\262\5\262\t\273\374&\271\227\342\327\326\302\372\321"..., 36) = 36
1524632632.828627 clock_gettime(CLOCK_BOOTTIME, {10146, 410442697}) = 0
1524632632.828662 clock_gettime(CLOCK_BOOTTIME, {10146, 410477304}) = 0
1524632632.828695 select(7, [3 4], [], NULL, NULL) = 1 (in [3])
1524632632.830185 clock_gettime(CLOCK_BOOTTIME, {10146, 412000562}) = 0
1524632632.830220 read(3, "\322\26T\325E\310)\366$f\363\303\237\364\207\231qA\200\362\342r\247a\2167~\241\276\317\345\307"..., 8192) = 36
1524632632.830268 clock_gettime(CLOCK_BOOTTIME, {10146, 412083054}) = 0
1524632632.830302 clock_gettime(CLOCK_BOOTTIME, {10146, 412116728}) = 0
1524632632.830335 select(7, [3 4], [5], NULL, NULL) = 1 (out [5])
1524632632.830378 clock_gettime(CLOCK_BOOTTIME, {10146, 412192297}) = 0
1524632632.830410 write(5, "\r\n", 2)   = 2
1524632632.830451 clock_gettime(CLOCK_BOOTTIME, {10146, 412265469}) = 0
1524632632.830484 clock_gettime(CLOCK_BOOTTIME, {10146, 412298893}) = 0
1524632632.830517 select(7, [3 4], [], NULL, NULL) = 1 (in [3])
1524632632.832185 clock_gettime(CLOCK_BOOTTIME, {10146, 414000433}) = 0
1524632632.832251 read(3, "\217\316f%_o\v\33T\307\355\221K\337\rt\360Jq\255\204\301\321N\327m_\177a\17\334\364"..., 8192) = 196
1524632632.832296 clock_gettime(CLOCK_BOOTTIME, {10146, 414111778}) = 0
1524632632.832331 clock_gettime(CLOCK_BOOTTIME, {10146, 414145432}) = 0
1524632632.832363 select(7, [3 4], [5], NULL, NULL) = 1 (out [5])
1524632632.832406 clock_gettime(CLOCK_BOOTTIME, {10146, 414221155}) = 0
1524632632.832570 write(5, "\33[0m\33[01;34mdbs\33[0m      \33[01;34"..., 161) = 161
1524632632.832613 clock_gettime(CLOCK_BOOTTIME, {10146, 414427590}) = 0
1524632632.832674 clock_gettime(CLOCK_BOOTTIME, {10146, 414489656}) = 0
1524632632.832708 select(7, [3 4], [], NULL, NULL) = 1 (in [3])
1524632632.832750 clock_gettime(CLOCK_BOOTTIME, {10146, 414564638}) = 0
1524632632.832782 read(3, "\322P:@\212&u\311?\1\321L\271K\273$\364\0\345\374/\251\262\220\37\306#\256&\324\364\253"..., 8192) = 208
1524632632.832827 clock_gettime(CLOCK_BOOTTIME, {10146, 414642082}) = 0
1524632632.832860 clock_gettime(CLOCK_BOOTTIME, {10146, 414675198}) = 0
1524632632.832893 select(7, [3 4], [5], NULL, NULL) = 1 (out [5])
1524632632.832935 clock_gettime(CLOCK_BOOTTIME, {10146, 414749680}) = 0
1524632632.832967 write(5, "\r\n\33[01;34mDesktop\33[0m  \33[01;34mD"..., 133) = 133
1524632632.833006 clock_gettime(CLOCK_BOOTTIME, {10146, 414820522}) = 0
1524632632.833039 clock_gettime(CLOCK_BOOTTIME, {10146, 414853762}) = 0
1524632632.833071 select(7, [3 4], [], NULL, NULL) = 1 (in [3])
1524632632.833221 clock_gettime(CLOCK_BOOTTIME, {10146, 415035853}) = 0
1524632632.833254 read(3, "m\220X\353\346 Gi\243\257\231\326\25\355\302\251Al\373|\2053\"\37\310*H\3258\345=\357"..., 8192) = 36
1524632632.833296 clock_gettime(CLOCK_BOOTTIME, {10146, 415110753}) = 0
1524632632.833329 clock_gettime(CLOCK_BOOTTIME, {10146, 415144003}) = 0
1524632632.833362 select(7, [3 4], [5], NULL, NULL) = 1 (out [5])
1524632632.833443 clock_gettime(CLOCK_BOOTTIME, {10146, 415257741}) = 0
1524632632.833475 write(5, "\r\n", 2)   = 2
1524632632.833514 clock_gettime(CLOCK_BOOTTIME, {10146, 415328604}) = 0
1524632632.833547 clock_gettime(CLOCK_BOOTTIME, {10146, 415360632}) = 0
1524632632.833578 select(7, [3 4], [], NULL, NULL) = 1 (in [3])
1524632632.833719 clock_gettime(CLOCK_BOOTTIME, {10146, 415532703}) = 0
1524632632.833751 read(3, "@Y\1\24\361\252S\364\325\347\207\36\265wL\v4G-\1770\306\17!\336\375\2'\373\242\371\264"..., 8192) = 100
1524632632.833793 clock_gettime(CLOCK_BOOTTIME, {10146, 415608139}) = 0
1524632632.833827 clock_gettime(CLOCK_BOOTTIME, {10146, 415641536}) = 0
1524632632.833859 select(7, [3 4], [5], NULL, NULL) = 1 (out [5])
1524632632.833906 clock_gettime(CLOCK_BOOTTIME, {10146, 415719864}) = 0
1524632632.833937 write(5, "\33]0;python@ubuntu: ~\7\33[01;32mpyt"..., 64) = 64
1524632632.833975 clock_gettime(CLOCK_BOOTTIME, {10146, 415788571}) = 0
1524632632.834007 clock_gettime(CLOCK_BOOTTIME, {10146, 415820425}) = 0
1524632632.834038 select(7, [3 4], [], NULL, NULL) = 1 (in [4])
1524632634.732454 clock_gettime(CLOCK_BOOTTIME, {10148, 314270524}) = 0
1524632634.732491 read(4, "e", 16384)   = 1
1524632634.732542 clock_gettime(CLOCK_BOOTTIME, {10148, 314356656}) = 0
1524632634.732574 clock_gettime(CLOCK_BOOTTIME, {10148, 314388737}) = 0
1524632634.732606 select(7, [3 4], [3], NULL, NULL) = 1 (out [3])
1524632634.732648 clock_gettime(CLOCK_BOOTTIME, {10148, 314461835}) = 0
1524632634.732679 write(3, "\202\21\21\260-\232\tV\300=\210\207\203\26\273\337\6\316D\203\243O\371-\f\17\221\366\254\3540\275"..., 36) = 36
1524632634.732792 clock_gettime(CLOCK_BOOTTIME, {10148, 314606703}) = 0
1524632634.732906 clock_gettime(CLOCK_BOOTTIME, {10148, 314720395}) = 0
1524632634.732938 select(7, [3 4], [], NULL, NULL) = 1 (in [3])
1524632634.733634 clock_gettime(CLOCK_BOOTTIME, {10148, 315451422}) = 0
1524632634.733670 read(3, "?\33!\256S\235\202f\245\362{\363FeC\276\264\t\341\2502\2150K=l\214i\354\315Yh"..., 8192) = 36
1524632634.733716 clock_gettime(CLOCK_BOOTTIME, {10148, 315530471}) = 0
1524632634.733748 clock_gettime(CLOCK_BOOTTIME, {10148, 315562057}) = 0
1524632634.733779 select(7, [3 4], [5], NULL, NULL) = 1 (out [5])
1524632634.733820 clock_gettime(CLOCK_BOOTTIME, {10148, 315634228}) = 0
1524632634.733851 write(5, "e", 1)      = 1
1524632634.733886 clock_gettime(CLOCK_BOOTTIME, {10148, 315700405}) = 0
1524632634.733918 clock_gettime(CLOCK_BOOTTIME, {10148, 315731842}) = 0
1524632634.733948 select(7, [3 4], [], NULL, NULL) = 1 (in [4])
1524632637.388081 clock_gettime(CLOCK_BOOTTIME, {10150, 969898308}) = 0
1524632637.388119 read(4, "x", 16384)   = 1
1524632637.388169 clock_gettime(CLOCK_BOOTTIME, {10150, 969984018}) = 0
1524632637.388202 clock_gettime(CLOCK_BOOTTIME, {10150, 970016149}) = 0
1524632637.388233 select(7, [3 4], [3], NULL, NULL) = 1 (out [3])
1524632637.388274 clock_gettime(CLOCK_BOOTTIME, {10150, 970088680}) = 0
1524632637.388306 write(3, "\252\321\346\352+R\305\357\25\272(\0\2u\223\365j.c\35R\7o\303,7\223\276\254\367\245U"..., 36) = 36
1524632637.388421 clock_gettime(CLOCK_BOOTTIME, {10150, 970235252}) = 0
1524632637.388530 clock_gettime(CLOCK_BOOTTIME, {10150, 970348247}) = 0
1524632637.388567 select(7, [3 4], [], NULL, NULL) = 1 (in [3])
1524632637.389326 clock_gettime(CLOCK_BOOTTIME, {10150, 971140895}) = 0
1524632637.389358 read(3, "~v\375\340\273\24\26,<\216Q@\304\277\275)\344\316\205\30\320\312\3518[\300\262\244\220\310\7\335"..., 8192) = 36
1524632637.389402 clock_gettime(CLOCK_BOOTTIME, {10150, 971217268}) = 0
1524632637.389435 clock_gettime(CLOCK_BOOTTIME, {10150, 971248905}) = 0
1524632637.389465 select(7, [3 4], [5], NULL, NULL) = 1 (out [5])
1524632637.389506 clock_gettime(CLOCK_BOOTTIME, {10150, 971319813}) = 0
1524632637.389536 write(5, "x", 1)      = 1
1524632637.389575 clock_gettime(CLOCK_BOOTTIME, {10150, 971389222}) = 0
1524632637.389607 clock_gettime(CLOCK_BOOTTIME, {10150, 971421167}) = 0
1524632637.389638 select(7, [3 4], [], NULL, NULL) = 1 (in [4])
1524632638.157130 clock_gettime(CLOCK_BOOTTIME, {10151, 738958060}) = 0
1524632638.157206 read(4, "i", 16384)   = 1
1524632638.157366 clock_gettime(CLOCK_BOOTTIME, {10151, 739191829}) = 0
1524632638.157436 clock_gettime(CLOCK_BOOTTIME, {10151, 739260752}) = 0
1524632638.157503 select(7, [3 4], [3], NULL, NULL) = 1 (out [3])
1524632638.157590 clock_gettime(CLOCK_BOOTTIME, {10151, 739413663}) = 0
1524632638.157656 write(3, "\2167\331\307-u[\34\220\236jy\201\233\211\355\376\374V\rD\370z\355\327\3p\304z9\\w"..., 36) = 36
1524632638.157852 clock_gettime(CLOCK_BOOTTIME, {10151, 739805677}) = 0
1524632638.158061 clock_gettime(CLOCK_BOOTTIME, {10151, 739886244}) = 0
1524632638.158166 select(7, [3 4], [], NULL, NULL) = 1 (in [3])
1524632638.158962 clock_gettime(CLOCK_BOOTTIME, {10151, 740786969}) = 0
1524632638.159047 read(3, "<\254\v\"\2578\357D\233\345\325_\203m\3\244\243\27\37&d\210\347\275\305Fb\363\6\365hS"..., 8192) = 36
1524632638.159137 clock_gettime(CLOCK_BOOTTIME, {10151, 740962508}) = 0
1524632638.159206 clock_gettime(CLOCK_BOOTTIME, {10151, 741059919}) = 0
1524632638.159305 select(7, [3 4], [5], NULL, NULL) = 1 (out [5])
1524632638.159392 clock_gettime(CLOCK_BOOTTIME, {10151, 741215217}) = 0
1524632638.159457 write(5, "i", 1)      = 1
1524632638.159537 clock_gettime(CLOCK_BOOTTIME, {10151, 741360944}) = 0
1524632638.159605 clock_gettime(CLOCK_BOOTTIME, {10151, 741428525}) = 0
1524632638.159670 select(7, [3 4], [], NULL, NULL) = 1 (in [4])
1524632638.301103 clock_gettime(CLOCK_BOOTTIME, {10151, 882931287}) = 0
1524632638.301178 read(4, "t", 16384)   = 1
1524632638.301274 clock_gettime(CLOCK_BOOTTIME, {10151, 883099961}) = 0
1524632638.301371 clock_gettime(CLOCK_BOOTTIME, {10151, 883195890}) = 0
1524632638.301439 select(7, [3 4], [3], NULL, NULL) = 1 (out [3])
1524632638.301527 clock_gettime(CLOCK_BOOTTIME, {10151, 883350633}) = 0
1524632638.301593 write(3, "\362\301\16z\31_r\234h\225\376\22ny\262!x\312@v\271k\214\v\212\257\0\20^\273\234,"..., 36) = 36
1524632638.301783 clock_gettime(CLOCK_BOOTTIME, {10151, 883607922}) = 0
1524632638.301853 clock_gettime(CLOCK_BOOTTIME, {10151, 883677249}) = 0
1524632638.301919 select(7, [3 4], [], NULL, NULL) = 1 (in [3])
1524632638.302785 clock_gettime(CLOCK_BOOTTIME, {10151, 884610369}) = 0
1524632638.302853 read(3, "\330\247\23e\210\37\265X\4\350<\"\374!x=2{TMK9\370g\270ln\0\354<\316\366"..., 8192) = 36
1524632638.302941 clock_gettime(CLOCK_BOOTTIME, {10151, 884766269}) = 0
1524632638.303009 clock_gettime(CLOCK_BOOTTIME, {10151, 884833170}) = 0
1524632638.303075 select(7, [3 4], [5], NULL, NULL) = 1 (out [5])
1524632638.303160 clock_gettime(CLOCK_BOOTTIME, {10151, 884984460}) = 0
1524632638.303226 write(5, "t", 1)      = 1
1524632638.303305 clock_gettime(CLOCK_BOOTTIME, {10151, 885150706}) = 0
1524632638.303395 clock_gettime(CLOCK_BOOTTIME, {10151, 885219038}) = 0
1524632638.303461 select(7, [3 4], [], NULL, NULL) = 1 (in [4])
1524632638.812026 clock_gettime(CLOCK_BOOTTIME, {10152, 393842220}) = 0
1524632638.812063 read(4, "\r", 16384)  = 1
1524632638.812112 clock_gettime(CLOCK_BOOTTIME, {10152, 393927424}) = 0
1524632638.812145 clock_gettime(CLOCK_BOOTTIME, {10152, 393959533}) = 0
1524632638.812177 select(7, [3 4], [3], NULL, NULL) = 1 (out [3])
1524632638.812218 clock_gettime(CLOCK_BOOTTIME, {10152, 394031908}) = 0
1524632638.812249 write(3, "\365(\317#\210b%\300 <\1\2347f\257\261k\6|\35\221\251C\324\23\241\2\374\360\351\354\215"..., 36) = 36
1524632638.812367 clock_gettime(CLOCK_BOOTTIME, {10152, 394181924}) = 0
1524632638.812400 clock_gettime(CLOCK_BOOTTIME, {10152, 394214781}) = 0
1524632638.812515 select(7, [3 4], [], NULL, NULL) = 1 (in [3])
1524632638.815500 clock_gettime(CLOCK_BOOTTIME, {10152, 397314298}) = 0
1524632638.815530 read(3, "m\2516h\272#\236.\263\255\364\326\236\263\\x;\331\251\331\201\2628Z raZVo\244\216"..., 8192) = 44
1524632638.815572 clock_gettime(CLOCK_BOOTTIME, {10152, 397385922}) = 0
1524632638.815602 clock_gettime(CLOCK_BOOTTIME, {10152, 397415511}) = 0
1524632638.815631 select(7, [3 4], [5], NULL, NULL) = 1 (out [5])
1524632638.815669 clock_gettime(CLOCK_BOOTTIME, {10152, 397482144}) = 0
1524632638.815697 write(5, "\r\n\346\263\250\351\224\200\r\n", 10) = 10
1524632638.815734 clock_gettime(CLOCK_BOOTTIME, {10152, 397547667}) = 0
1524632638.815764 clock_gettime(CLOCK_BOOTTIME, {10152, 397577256}) = 0
1524632638.815792 select(7, [3 4], [], NULL, NULL) = 1 (in [3])
1524632638.816854 clock_gettime(CLOCK_BOOTTIME, {10152, 398668042}) = 0
1524632638.816892 read(3, "9'\275\230<\366\r\312a\234^h\342\247\23a\5\324\251\363p\315\2068\324\363\225\237\24\265\313V"..., 8192) = 176
1524632638.816943 close(4)              = 0
1524632638.816976 close(5)              = 0
1524632638.817007 clock_gettime(CLOCK_BOOTTIME, {10152, 398821942}) = 0
1524632638.817039 clock_gettime(CLOCK_BOOTTIME, {10152, 398853275}) = 0
1524632638.817070 ioctl(0, TCGETS, {B38400 -opost -isig -icanon -echo ...}) = 0
1524632638.817115 ioctl(0, SNDCTL_TMR_STOP or TCSETSW, {B38400 opost isig icanon echo ...}) = 0
1524632638.817147 ioctl(0, TCGETS, {B38400 opost isig icanon echo ...}) = 0
1524632638.817191 close(6)              = 0
1524632638.817221 select(7, [3], [3], NULL, NULL) = 1 (out [3])
1524632638.817260 clock_gettime(CLOCK_BOOTTIME, {10152, 399074459}) = 0
1524632638.817291 write(3, "\251\t\22\370\275\207\371dm\273\330\v\326\2_w4yR\327fze\2104lV\227\320\235\311\353"..., 36) = 36
1524632638.817360 rt_sigaction(SIGWINCH, NULL, {0x55a9edf17480, [], SA_RESTORER, 0x7fd5490344b0}, 8) = 0
1524632638.817395 rt_sigaction(SIGWINCH, {SIG_DFL, [], SA_RESTORER, 0x7fd5490344b0}, NULL, 8) = 0
1524632638.817470 write(3, ",C\7\31\2502\24Q\212K\357u\26\7d\3\235\243\351\331\200f`\226\353Fj>\227\365)\220"..., 60) = 60
1524632638.817540 ioctl(0, TCGETS, {B38400 opost isig icanon echo ...}) = 0
1524632638.817574 ioctl(1, TCGETS, 0x7fff4e2b3fe0) = -1 ENOTTY (Inappropriate ioctl for device)
1524632638.817605 fcntl(1, F_GETFL)     = 0x8001 (flags O_WRONLY|O_LARGEFILE)
1524632638.817637 ioctl(2, TCGETS, {B38400 opost isig icanon echo ...}) = 0
1524632638.817673 write(2, "Connection to 172.27.79.13 close"..., 36) = 36
1524632638.817715 clock_gettime(CLOCK_BOOTTIME, {10152, 399528846}) = 0
1524632638.817747 close(3)              = 0
1524632638.817860 exit_group(0)         = ?
1524632638.818555 +++ exited with 0 +++
